2025-10-17 18:27:38,306 - INFO - ==================================================
2025-10-17 18:27:38,306 - INFO - Nueva sesion de YouTube to MP3 Downloader iniciada
2025-10-17 18:27:38,307 - INFO - ==================================================
2025-10-17 18:27:38,313 - INFO - URL 1 agregada: https://www.youtube.com/watch?v=jPB39dGMAsc
2025-10-17 18:27:38,313 - INFO - URL 2 agregada: https://www.youtube.com/watch?v=noSY-UdBNSw
2025-10-17 18:27:38,314 - INFO - URL 3 agregada: https://www.youtube.com/watch?v=zq2pagG8_ok
2025-10-17 18:27:38,318 - INFO - URL 4 agregada: https://www.youtube.com/watch?v=knIbwsNGJyc
2025-10-17 18:27:38,318 - INFO - URL 5 agregada: https://www.youtube.com/watch?v=E7VLyRjp5vg
2025-10-17 18:27:38,319 - INFO - URL 6 agregada: https://www.youtube.com/watch?v=JxfKeGuKklk
2025-10-17 18:27:38,320 - INFO - URL 7 agregada: https://www.youtube.com/watch?v=tzGmZKQIZZE
2025-10-17 18:27:38,321 - INFO - URL 8 agregada: https://www.youtube.com/watch?v=neLM6avv8Bc
2025-10-17 18:27:38,322 - INFO - URL 9 agregada: https://www.youtube.com/watch?v=MzBlHP2e8Ww
2025-10-17 18:27:38,323 - INFO - URL 10 agregada: https://www.youtube.com/watch?v=m-rxTKqSl9g
2025-10-17 18:27:38,323 - INFO - URL 11 agregada: https://www.youtube.com/watch?v=HND7qHLpyUI
2025-10-17 18:27:38,324 - INFO - URL 12 agregada: https://www.youtube.com/watch?v=xDMpGyvzBdA
2025-10-17 18:27:38,328 - INFO - URL 13 agregada: https://www.youtube.com/watch?v=TbMEMCvFbZk
2025-10-17 18:27:38,329 - INFO - URL 14 agregada: https://www.youtube.com/watch?v=XoMMW_qiHWs
2025-10-17 18:27:38,330 - INFO - URL 15 agregada: https://www.youtube.com/watch?v=RUKqwwyAiEU
2025-10-17 18:27:38,330 - INFO - URL 16 agregada: https://www.youtube.com/watch?v=WSUFzC6_fp8
2025-10-17 18:27:38,331 - INFO - URL 17 agregada: https://www.youtube.com/watch?v=ifCWN5pJGIE
2025-10-17 18:27:38,333 - INFO - Iniciando procesamiento asincrono de 17 URLs con hasta 2 hilos simultaneos
2025-10-17 18:27:38,343 - INFO - Creando tarea T01 para: https://www.youtube.com/watch?v=jPB39dGMAsc
2025-10-17 18:27:38,352 - INFO - Creando tarea T02 para: https://www.youtube.com/watch?v=noSY-UdBNSw
2025-10-17 18:27:38,354 - INFO - Creando tarea T03 para: https://www.youtube.com/watch?v=zq2pagG8_ok
2025-10-17 18:27:38,355 - INFO - Creando tarea T04 para: https://www.youtube.com/watch?v=knIbwsNGJyc
2025-10-17 18:27:38,355 - INFO - Creando tarea T05 para: https://www.youtube.com/watch?v=E7VLyRjp5vg
2025-10-17 18:27:38,356 - INFO - Creando tarea T06 para: https://www.youtube.com/watch?v=JxfKeGuKklk
2025-10-17 18:27:38,356 - INFO - Creando tarea T07 para: https://www.youtube.com/watch?v=tzGmZKQIZZE
2025-10-17 18:27:38,357 - INFO - Creando tarea T08 para: https://www.youtube.com/watch?v=neLM6avv8Bc
2025-10-17 18:27:38,357 - INFO - Creando tarea T09 para: https://www.youtube.com/watch?v=MzBlHP2e8Ww
2025-10-17 18:27:38,358 - INFO - Creando tarea T10 para: https://www.youtube.com/watch?v=m-rxTKqSl9g
2025-10-17 18:27:38,358 - INFO - Creando tarea T11 para: https://www.youtube.com/watch?v=HND7qHLpyUI
2025-10-17 18:27:38,359 - INFO - Creando tarea T12 para: https://www.youtube.com/watch?v=xDMpGyvzBdA
2025-10-17 18:27:38,359 - INFO - Creando tarea T13 para: https://www.youtube.com/watch?v=TbMEMCvFbZk
2025-10-17 18:27:38,360 - INFO - Creando tarea T14 para: https://www.youtube.com/watch?v=XoMMW_qiHWs
2025-10-17 18:27:38,360 - INFO - Creando tarea T15 para: https://www.youtube.com/watch?v=RUKqwwyAiEU
2025-10-17 18:27:38,360 - INFO - Creando tarea T16 para: https://www.youtube.com/watch?v=WSUFzC6_fp8
2025-10-17 18:27:38,361 - INFO - Creando tarea T17 para: https://www.youtube.com/watch?v=ifCWN5pJGIE
2025-10-17 18:27:38,365 - INFO - [T01] Iniciando descarga de: https://www.youtube.com/watch?v=jPB39dGMAsc
2025-10-17 18:27:38,367 - INFO - [T02] Iniciando descarga de: https://www.youtube.com/watch?v=noSY-UdBNSw
2025-10-17 18:27:48,174 - INFO - [T02] Titulo del video: Naiara - Fiesta En El Centro (Video Oficial)
2025-10-17 18:27:49,497 - INFO - [T01] Titulo del video: Dinosaurs Go Rawr - Dandy's World
2025-10-17 18:27:55,481 - INFO - [T02] Descargando...   0.0% a   57.87KiB/s
2025-10-17 18:27:55,482 - INFO - [T02] Descargando...   0.1% a  164.06KiB/s
2025-10-17 18:27:55,484 - INFO - [T02] Descargando...   0.3% a  347.82KiB/s
2025-10-17 18:27:55,486 - INFO - [T02] Descargando...   0.6% a  677.72KiB/s
2025-10-17 18:27:55,489 - INFO - [T02] Descargando...   1.2% a    1.25MiB/s
2025-10-17 18:27:55,496 - INFO - [T02] Descargando...   2.4% a    1.92MiB/s
2025-10-17 18:27:55,507 - INFO - [T02] Descargando...   4.7% a    2.89MiB/s
2025-10-17 18:27:55,536 - INFO - [T02] Descargando...   9.5% a    3.46MiB/s
2025-10-17 18:27:55,625 - INFO - [T02] Descargando...  19.1% a    3.11MiB/s
2025-10-17 18:27:55,739 - INFO - [T02] Descargando...  38.2% a    3.63MiB/s
2025-10-17 18:27:56,066 - INFO - [T02] Descargando...  76.4% a    3.32MiB/s
2025-10-17 18:27:56,165 - INFO - [T02] Descargando... 100.0% a    3.73MiB/s
2025-10-17 18:27:56,172 - INFO - [T02] Descarga terminada: downloads/Naiara - Fiesta En El Centro (Video Oficial).webm
2025-10-17 18:27:58,672 - INFO - [T01] Descargando...   0.1% a   81.65KiB/s
2025-10-17 18:27:58,674 - INFO - [T01] Descargando...   0.3% a  214.66KiB/s
2025-10-17 18:27:58,677 - INFO - [T01] Descargando...   0.7% a  411.99KiB/s
2025-10-17 18:27:58,681 - INFO - [T01] Descargando...   1.6% a  731.70KiB/s
2025-10-17 18:27:58,683 - INFO - [T01] Descargando...   3.2% a    1.32MiB/s
2025-10-17 18:27:58,694 - INFO - [T01] Descargando...   6.6% a    1.83MiB/s
2025-10-17 18:27:58,749 - INFO - [T01] Descargando...  13.2% a    1.42MiB/s
2025-10-17 18:27:58,792 - INFO - [T01] Descargando...  26.5% a    1.89MiB/s
2025-10-17 18:27:58,834 - INFO - [T01] Descargando...  53.2% a    2.87MiB/s
2025-10-17 18:27:58,891 - INFO - [T01] Descargando... 100.0% a    4.05MiB/s
2025-10-17 18:27:58,898 - INFO - [T01] Descarga terminada: downloads/Dinosaurs Go Rawr - Dandy's World.webm
2025-10-17 18:28:01,563 - INFO - [T01] Descarga completada exitosamente: downloads/Dinosaurs Go Rawr - Dandys World.mp3
2025-10-17 18:28:01,574 - INFO - [T03] Iniciando descarga de: https://www.youtube.com/watch?v=zq2pagG8_ok
2025-10-17 18:28:01,921 - INFO - [T02] Descarga completada exitosamente: downloads/Naiara - Fiesta En El Centro Video Oficial.mp3
2025-10-17 18:28:01,922 - INFO - [T04] Iniciando descarga de: https://www.youtube.com/watch?v=knIbwsNGJyc
2025-10-17 18:28:08,035 - INFO - [T03] Titulo del video: twenty one pilots - Heathens (Lyrics)
2025-10-17 18:28:08,978 - INFO - [T04] Titulo del video: WE PRAY - Coldplay, Little Simz, Burna Boy, Elyanna, TINI (Official Audio)
2025-10-17 18:28:15,508 - INFO - [T03] Descargando...   0.0% a  153.86KiB/s
2025-10-17 18:28:15,509 - INFO - [T03] Descargando...   0.1% a  414.73KiB/s
2025-10-17 18:28:15,510 - INFO - [T03] Descargando...   0.2% a  842.01KiB/s
2025-10-17 18:28:15,513 - INFO - [T03] Descargando...   0.5% a    1.42MiB/s
2025-10-17 18:28:15,514 - INFO - [T03] Descargando...   1.0% a    2.44MiB/s
2025-10-17 18:28:15,526 - INFO - [T03] Descargando...   2.0% a    2.58MiB/s
2025-10-17 18:28:15,551 - INFO - [T03] Descargando...   3.9% a    2.53MiB/s
2025-10-17 18:28:15,600 - INFO - [T03] Descargando...   7.9% a    2.54MiB/s
2025-10-17 18:28:15,682 - INFO - [T03] Descargando...  15.8% a    2.77MiB/s
2025-10-17 18:28:15,841 - INFO - [T03] Descargando...  31.7% a    2.94MiB/s
2025-10-17 18:28:16,076 - INFO - [T03] Descargando...  63.5% a    3.48MiB/s
2025-10-17 18:28:16,317 - INFO - [T03] Descargando... 100.0% a    3.86MiB/s
2025-10-17 18:28:16,323 - INFO - [T03] Descarga terminada: downloads/twenty one pilots - Heathens (Lyrics).webm
2025-10-17 18:28:16,936 - INFO - [T04] Descargando...   0.0% a  228.88KiB/s
2025-10-17 18:28:16,937 - INFO - [T04] Descargando...   0.1% a  458.49KiB/s
2025-10-17 18:28:16,939 - INFO - [T04] Descargando...   0.2% a  877.26KiB/s
2025-10-17 18:28:16,941 - INFO - [T04] Descargando...   0.4% a    1.47MiB/s
2025-10-17 18:28:16,991 - INFO - [T04] Descargando...   0.8% a  520.03KiB/s
2025-10-17 18:28:17,017 - INFO - [T04] Descargando...   1.7% a  728.24KiB/s
2025-10-17 18:28:17,058 - INFO - [T04] Descargando...   3.4% a  998.71KiB/s
2025-10-17 18:28:17,103 - INFO - [T04] Descargando...   6.9% a    1.45MiB/s
2025-10-17 18:28:17,259 - INFO - [T04] Descargando...  13.8% a    1.52MiB/s
2025-10-17 18:28:17,493 - INFO - [T04] Descargando...  27.7% a    1.78MiB/s
2025-10-17 18:28:17,806 - INFO - [T04] Descargando...  55.5% a    2.28MiB/s
2025-10-17 18:28:18,225 - INFO - [T04] Descargando... 100.0% a    2.78MiB/s
2025-10-17 18:28:18,231 - INFO - [T04] Descarga terminada: downloads/WE PRAY - Coldplay, Little Simz, Burna Boy, Elyanna, TINI (Official Audio).webm
2025-10-17 18:28:24,092 - INFO - [T03] Descarga completada exitosamente: downloads/twenty one pilots - Heathens Lyrics.mp3
2025-10-17 18:28:24,094 - INFO - [T05] Iniciando descarga de: https://www.youtube.com/watch?v=E7VLyRjp5vg
2025-10-17 18:28:27,359 - INFO - [T04] Descarga completada exitosamente: downloads/WE PRAY - Coldplay Little Simz Burna Boy Elyanna TINI Official Audio.mp3
2025-10-17 18:28:27,382 - INFO - [T06] Iniciando descarga de: https://www.youtube.com/watch?v=JxfKeGuKklk
2025-10-17 18:28:28,606 - INFO - [T05] Titulo del video: Mark Ambor - Belong Together (Lyrics)
2025-10-17 18:28:33,677 - INFO - [T06] Titulo del video: Gabry Ponte - Exotica
2025-10-17 18:28:40,597 - INFO - [T06] Descargando...   0.1% a   61.11KiB/s
2025-10-17 18:28:40,600 - INFO - [T06] Descargando...   0.2% a  171.85KiB/s
2025-10-17 18:28:40,601 - INFO - [T06] Descargando...   0.4% a  342.21KiB/s
2025-10-17 18:28:40,603 - INFO - [T05] Descargando... 100.0% a    1.52KiB/s
2025-10-17 18:28:40,605 - INFO - [T06] Descargando...   0.8% a  625.90KiB/s
2025-10-17 18:28:40,605 - INFO - [T05] Descargando...  10.7% a    1.52KiB/s
2025-10-17 18:28:40,608 - INFO - [T05] Descargando...   8.3% a    1.52KiB/s
2025-10-17 18:28:40,610 - INFO - [T05] Descargando...   7.7% a    1.52KiB/s
2025-10-17 18:28:40,634 - INFO - [T06] Descargando...   1.6% a  587.89KiB/s
2025-10-17 18:28:40,643 - INFO - [T05] Descargando...   7.4% a    1.52KiB/s
2025-10-17 18:28:40,697 - INFO - [T06] Descargando...   3.3% a  542.66KiB/s
2025-10-17 18:28:40,720 - INFO - [T05] Descargando...   7.3% a   61.06KiB/s
2025-10-17 18:28:40,787 - INFO - [T06] Descargando...   6.6% a  624.03KiB/s
2025-10-17 18:28:40,791 - INFO - [T05] Descargando...   7.2% a  141.59KiB/s
2025-10-17 18:28:40,949 - INFO - [T06] Descargando...  13.2% a  692.96KiB/s
2025-10-17 18:28:41,056 - INFO - [T05] Descargando...   7.2% a  216.62KiB/s
2025-10-17 18:28:41,236 - INFO - [T06] Descargando...  26.5% a  780.23KiB/s
2025-10-17 18:28:41,420 - INFO - [T05] Descargando...   7.2% a  302.77KiB/s
2025-10-17 18:28:41,494 - INFO - [T05] Descargando...   4.2% a  376.29KiB/s
2025-10-17 18:28:41,515 - INFO - [T05] Descargando...   1.8% a  376.29KiB/s
2025-10-17 18:28:41,699 - INFO - [T06] Descargando...  53.0% a  915.02KiB/s
2025-10-17 18:28:41,803 - INFO - [T05] Descargando...   7.2% a  391.73KiB/s
2025-10-17 18:28:41,807 - INFO - [T05] Descargando...   7.2% a  391.73KiB/s
2025-10-17 18:28:41,810 - INFO - [T05] Descargando...   7.2% a  391.73KiB/s
2025-10-17 18:28:41,814 - INFO - [T05] Descargando...   7.2% a  391.73KiB/s
2025-10-17 18:28:41,816 - INFO - [T05] Descargando...   7.3% a  391.73KiB/s
2025-10-17 18:28:41,819 - INFO - [T05] Descargando...   7.5% a  391.73KiB/s
2025-10-17 18:28:41,822 - INFO - [T05] Descargando...   7.8% a  391.73KiB/s
2025-10-17 18:28:41,879 - INFO - [T05] Descargando...   8.4% a  447.61KiB/s
2025-10-17 18:28:42,005 - INFO - [T05] Descargando...   9.3% a  521.08KiB/s
2025-10-17 18:28:42,169 - INFO - [T05] Descargando...  10.3% a  637.69KiB/s
2025-10-17 18:28:42,176 - INFO - [T05] Descargando...   4.4% a  637.69KiB/s
2025-10-17 18:28:42,433 - INFO - [T06] Descargando... 100.0% a    1.02MiB/s
2025-10-17 18:28:42,452 - INFO - [T06] Descarga terminada: downloads/Gabry Ponte - Exotica.webm
2025-10-17 18:28:42,868 - INFO - [T05] Descargando...  10.7% a  641.94KiB/s
2025-10-17 18:28:42,870 - INFO - [T05] Descargando...  10.7% a  641.94KiB/s
2025-10-17 18:28:42,872 - INFO - [T05] Descargando...  10.7% a  641.94KiB/s
2025-10-17 18:28:42,874 - INFO - [T05] Descargando...  10.8% a  641.94KiB/s
2025-10-17 18:28:42,910 - INFO - [T05] Descargando...  10.8% a  641.94KiB/s
2025-10-17 18:28:42,942 - INFO - [T05] Descargando...  10.9% a  646.55KiB/s
2025-10-17 18:28:43,011 - INFO - [T05] Descargando...  11.1% a  651.94KiB/s
2025-10-17 18:28:43,082 - INFO - [T05] Descargando...  11.5% a  664.76KiB/s
2025-10-17 18:28:43,242 - INFO - [T05] Descargando...  12.2% a  689.04KiB/s
2025-10-17 18:28:43,334 - INFO - [T05] Descargando...  11.5% a  715.32KiB/s
2025-10-17 18:28:43,339 - INFO - [T05] Descargando...   8.3% a  715.32KiB/s
2025-10-17 18:28:43,533 - INFO - [T05] Descargando...  14.3% a  733.63KiB/s
2025-10-17 18:28:43,534 - INFO - [T05] Descargando...  14.3% a  733.63KiB/s
2025-10-17 18:28:43,536 - INFO - [T05] Descargando...  14.3% a  733.63KiB/s
2025-10-17 18:28:43,539 - INFO - [T05] Descargando...  14.3% a  733.63KiB/s
2025-10-17 18:28:43,541 - INFO - [T05] Descargando...  14.4% a  733.63KiB/s
2025-10-17 18:28:43,546 - INFO - [T05] Descargando...  14.5% a  733.63KiB/s
2025-10-17 18:28:43,583 - INFO - [T05] Descargando...  14.7% a  755.15KiB/s
2025-10-17 18:28:43,628 - INFO - [T05] Descargando...  15.0% a  755.15KiB/s
2025-10-17 18:28:43,756 - INFO - [T05] Descargando...  15.7% a  797.62KiB/s
2025-10-17 18:28:43,940 - INFO - [T05] Descargando...  16.0% a  857.04KiB/s
2025-10-17 18:28:43,946 - INFO - [T05] Descargando...  11.2% a  857.04KiB/s
2025-10-17 18:28:44,112 - INFO - [T05] Descargando...  17.9% a  891.48KiB/s
2025-10-17 18:28:44,113 - INFO - [T05] Descargando...  17.9% a  891.48KiB/s
2025-10-17 18:28:44,115 - INFO - [T05] Descargando...  17.9% a  891.48KiB/s
2025-10-17 18:28:44,117 - INFO - [T05] Descargando...  17.9% a  891.48KiB/s
2025-10-17 18:28:44,119 - INFO - [T05] Descargando...  17.9% a  891.48KiB/s
2025-10-17 18:28:44,126 - INFO - [T05] Descargando...  18.0% a  891.48KiB/s
2025-10-17 18:28:44,150 - INFO - [T05] Descargando...  18.2% a  891.48KiB/s
2025-10-17 18:28:44,198 - INFO - [T05] Descargando...  18.6% a  933.95KiB/s
2025-10-17 18:28:44,260 - INFO - [T05] Descargando...  19.0% a  979.72KiB/s
2025-10-17 18:28:44,265 - INFO - [T05] Descargando...  15.8% a  979.72KiB/s
2025-10-17 18:28:44,725 - INFO - [T05] Descargando...  21.4% a  993.75KiB/s
2025-10-17 18:28:44,727 - INFO - [T05] Descargando...  21.4% a  993.75KiB/s
2025-10-17 18:28:44,729 - INFO - [T05] Descargando...  21.5% a  993.75KiB/s
2025-10-17 18:28:44,732 - INFO - [T05] Descargando...  21.5% a  993.75KiB/s
2025-10-17 18:28:44,734 - INFO - [T05] Descargando...  21.5% a  993.75KiB/s
2025-10-17 18:28:44,736 - INFO - [T05] Descargando...  21.6% a  993.75KiB/s
2025-10-17 18:28:44,753 - INFO - [T05] Descargando...  21.8% a  993.75KiB/s
2025-10-17 18:28:44,778 - INFO - [T05] Descargando...  22.2% a 1023.73KiB/s
2025-10-17 18:28:44,816 - INFO - [T05] Descargando...  22.9% a 1023.73KiB/s
2025-10-17 18:28:44,870 - INFO - [T05] Descargando...  22.6% a    1.04MiB/s
2025-10-17 18:28:44,876 - INFO - [T05] Descargando...  18.3% a    1.04MiB/s
2025-10-17 18:28:44,990 - INFO - [T05] Descargando...  25.0% a    1.05MiB/s
2025-10-17 18:28:44,991 - INFO - [T05] Descargando...  25.0% a    1.05MiB/s
2025-10-17 18:28:44,995 - INFO - [T05] Descargando...  25.0% a    1.05MiB/s
2025-10-17 18:28:44,998 - INFO - [T05] Descargando...  25.0% a    1.05MiB/s
2025-10-17 18:28:45,000 - INFO - [T05] Descargando...  25.1% a    1.05MiB/s
2025-10-17 18:28:45,002 - INFO - [T05] Descargando...  25.2% a    1.05MiB/s
2025-10-17 18:28:45,017 - INFO - [T05] Descargando...  25.4% a    1.05MiB/s
2025-10-17 18:28:45,048 - INFO - [T05] Descargando...  25.7% a    1.04MiB/s
2025-10-17 18:28:45,108 - INFO - [T05] Descargando...  26.3% a    1.05MiB/s
2025-10-17 18:28:45,114 - INFO - [T05] Descargando...  22.7% a    1.05MiB/s
2025-10-17 18:28:45,257 - INFO - [T05] Descargando...  28.6% a    1.13MiB/s
2025-10-17 18:28:45,261 - INFO - [T05] Descargando...  28.6% a    1.13MiB/s
2025-10-17 18:28:45,263 - INFO - [T05] Descargando...  28.6% a    1.13MiB/s
2025-10-17 18:28:45,265 - INFO - [T05] Descargando...  28.6% a    1.13MiB/s
2025-10-17 18:28:45,268 - INFO - [T05] Descargando...  28.7% a    1.13MiB/s
2025-10-17 18:28:45,271 - INFO - [T05] Descargando...  28.8% a    1.13MiB/s
2025-10-17 18:28:45,286 - INFO - [T05] Descargando...  28.9% a    1.13MiB/s
2025-10-17 18:28:45,338 - INFO - [T05] Descargando...  29.3% a    1.20MiB/s
2025-10-17 18:28:45,383 - INFO - [T05] Descargando...  30.0% a    1.20MiB/s
2025-10-17 18:28:45,431 - INFO - [T05] Descargando...  29.2% a    1.28MiB/s
2025-10-17 18:28:45,437 - INFO - [T05] Descargando...  25.6% a    1.28MiB/s
2025-10-17 18:28:45,553 - INFO - [T05] Descargando...  32.1% a    1.32MiB/s
2025-10-17 18:28:45,555 - INFO - [T05] Descargando...  32.2% a    1.32MiB/s
2025-10-17 18:28:45,557 - INFO - [T05] Descargando...  32.2% a    1.32MiB/s
2025-10-17 18:28:45,560 - INFO - [T05] Descargando...  32.2% a    1.32MiB/s
2025-10-17 18:28:45,563 - INFO - [T05] Descargando...  32.2% a    1.32MiB/s
2025-10-17 18:28:45,567 - INFO - [T05] Descargando...  32.3% a    1.32MiB/s
2025-10-17 18:28:45,586 - INFO - [T05] Descargando...  32.5% a    1.32MiB/s
2025-10-17 18:28:45,628 - INFO - [T05] Descargando...  32.9% a    1.36MiB/s
2025-10-17 18:28:45,706 - INFO - [T05] Descargando...  33.6% a    1.40MiB/s
2025-10-17 18:28:45,732 - INFO - [T05] Descargando...  32.9% a    1.40MiB/s
2025-10-17 18:28:45,737 - INFO - [T05] Descargando...  29.0% a    1.40MiB/s
2025-10-17 18:28:45,909 - INFO - [T05] Descargando...  35.7% a    1.42MiB/s
2025-10-17 18:28:45,910 - INFO - [T05] Descargando...  35.7% a    1.42MiB/s
2025-10-17 18:28:45,912 - INFO - [T05] Descargando...  35.7% a    1.42MiB/s
2025-10-17 18:28:45,914 - INFO - [T05] Descargando...  35.8% a    1.42MiB/s
2025-10-17 18:28:45,916 - INFO - [T05] Descargando...  35.8% a    1.42MiB/s
2025-10-17 18:28:45,924 - INFO - [T05] Descargando...  35.9% a    1.42MiB/s
2025-10-17 18:28:45,961 - INFO - [T06] Descarga completada exitosamente: downloads/Gabry Ponte - Exotica.mp3
2025-10-17 18:28:45,962 - INFO - [T07] Iniciando descarga de: https://www.youtube.com/watch?v=tzGmZKQIZZE
2025-10-17 18:28:45,977 - INFO - [T05] Descargando...  36.1% a    1.44MiB/s
2025-10-17 18:28:46,050 - INFO - [T05] Descargando...  36.4% a    1.46MiB/s
2025-10-17 18:28:46,095 - INFO - [T05] Descargando...  37.1% a    1.46MiB/s
2025-10-17 18:28:46,099 - INFO - [T05] Descargando...  36.1% a    1.46MiB/s
2025-10-17 18:28:46,105 - INFO - [T05] Descargando...  32.9% a    1.49MiB/s
2025-10-17 18:28:46,461 - INFO - [T05] Descargando...  39.3% a    1.48MiB/s
2025-10-17 18:28:46,463 - INFO - [T05] Descargando...  39.3% a    1.48MiB/s
2025-10-17 18:28:46,466 - INFO - [T05] Descargando...  39.3% a    1.48MiB/s
2025-10-17 18:28:46,469 - INFO - [T05] Descargando...  39.3% a    1.48MiB/s
2025-10-17 18:28:46,482 - INFO - [T05] Descargando...  39.4% a    1.48MiB/s
2025-10-17 18:28:46,501 - INFO - [T05] Descargando...  39.5% a    1.48MiB/s
2025-10-17 18:28:46,519 - INFO - [T05] Descargando...  39.7% a    1.49MiB/s
2025-10-17 18:28:46,598 - INFO - [T05] Descargando...  40.0% a    1.47MiB/s
2025-10-17 18:28:46,756 - INFO - [T05] Descargando...  40.7% a    1.45MiB/s
2025-10-17 18:28:46,851 - INFO - [T05] Descargando...  41.5% a    1.47MiB/s
2025-10-17 18:28:46,860 - INFO - [T05] Descargando...  35.1% a    1.47MiB/s
2025-10-17 18:28:47,108 - INFO - [T05] Descargando...  42.9% a    1.47MiB/s
2025-10-17 18:28:47,111 - INFO - [T05] Descargando...  42.9% a    1.47MiB/s
2025-10-17 18:28:47,116 - INFO - [T05] Descargando...  42.9% a    1.47MiB/s
2025-10-17 18:28:47,120 - INFO - [T05] Descargando...  42.9% a    1.47MiB/s
2025-10-17 18:28:47,124 - INFO - [T05] Descargando...  42.9% a    1.47MiB/s
2025-10-17 18:28:47,126 - INFO - [T05] Descargando...  43.0% a    1.47MiB/s
2025-10-17 18:28:47,161 - INFO - [T05] Descargando...  43.2% a    1.46MiB/s
2025-10-17 18:28:47,245 - INFO - [T05] Descargando...  43.6% a    1.44MiB/s
2025-10-17 18:28:47,253 - INFO - [T05] Descargando...  44.2% a    1.44MiB/s
2025-10-17 18:28:47,259 - INFO - [T05] Descargando...  40.3% a    1.44MiB/s
2025-10-17 18:28:47,426 - INFO - [T05] Descargando...  46.4% a    1.50MiB/s
2025-10-17 18:28:47,429 - INFO - [T05] Descargando...  46.4% a    1.50MiB/s
2025-10-17 18:28:47,431 - INFO - [T05] Descargando...  46.5% a    1.50MiB/s
2025-10-17 18:28:47,434 - INFO - [T05] Descargando...  46.5% a    1.50MiB/s
2025-10-17 18:28:47,437 - INFO - [T05] Descargando...  46.5% a    1.50MiB/s
2025-10-17 18:28:47,446 - INFO - [T05] Descargando...  46.6% a    1.50MiB/s
2025-10-17 18:28:47,463 - INFO - [T05] Descargando...  46.8% a    1.50MiB/s
2025-10-17 18:28:47,498 - INFO - [T05] Descargando...  47.1% a    1.56MiB/s
2025-10-17 18:28:47,541 - INFO - [T05] Descargando...  47.8% a    1.56MiB/s
2025-10-17 18:28:47,574 - INFO - [T05] Descargando...  47.6% a    1.63MiB/s
2025-10-17 18:28:47,579 - INFO - [T05] Descargando...  42.9% a    1.63MiB/s
2025-10-17 18:28:47,769 - INFO - [T05] Descargando...  50.0% a    1.63MiB/s
2025-10-17 18:28:47,776 - INFO - [T05] Descargando...  50.0% a    1.63MiB/s
2025-10-17 18:28:47,787 - INFO - [T05] Descargando...  50.0% a    1.63MiB/s
2025-10-17 18:28:47,791 - INFO - [T05] Descargando...  50.0% a    1.63MiB/s
2025-10-17 18:28:47,795 - INFO - [T05] Descargando...  50.1% a    1.63MiB/s
2025-10-17 18:28:47,802 - INFO - [T05] Descargando...  50.2% a    1.63MiB/s
2025-10-17 18:28:47,807 - INFO - [T05] Descargando...  50.4% a    1.63MiB/s
2025-10-17 18:28:47,852 - INFO - [T05] Descargando...  50.7% a    1.61MiB/s
2025-10-17 18:28:47,927 - INFO - [T05] Descargando...  51.4% a    1.63MiB/s
2025-10-17 18:28:47,972 - INFO - [T05] Descargando...  51.9% a    1.63MiB/s
2025-10-17 18:28:47,976 - INFO - [T05] Descargando...  45.9% a    1.63MiB/s
2025-10-17 18:28:48,129 - INFO - [T05] Descargando...  53.6% a    1.64MiB/s
2025-10-17 18:28:48,143 - INFO - [T05] Descargando...  53.6% a    1.64MiB/s
2025-10-17 18:28:48,148 - INFO - [T05] Descargando...  53.6% a    1.64MiB/s
2025-10-17 18:28:48,153 - INFO - [T05] Descargando...  53.6% a    1.64MiB/s
2025-10-17 18:28:48,158 - INFO - [T05] Descargando...  53.7% a    1.64MiB/s
2025-10-17 18:28:48,161 - INFO - [T05] Descargando...  53.7% a    1.64MiB/s
2025-10-17 18:28:48,167 - INFO - [T05] Descargando...  53.9% a    1.64MiB/s
2025-10-17 18:28:48,192 - INFO - [T05] Descargando...  54.3% a    1.66MiB/s
2025-10-17 18:28:48,253 - INFO - [T05] Descargando...  54.9% a    1.69MiB/s
2025-10-17 18:28:48,256 - INFO - [T05] Descargando...  53.7% a    1.69MiB/s
2025-10-17 18:28:48,267 - INFO - [T05] Descargando...  50.9% a    1.69MiB/s
2025-10-17 18:28:48,391 - INFO - [T05] Descargando...  57.1% a    1.66MiB/s
2025-10-17 18:28:48,393 - INFO - [T05] Descargando...  57.2% a    1.66MiB/s
2025-10-17 18:28:48,396 - INFO - [T05] Descargando...  57.2% a    1.66MiB/s
2025-10-17 18:28:48,398 - INFO - [T05] Descargando...  57.2% a    1.66MiB/s
2025-10-17 18:28:48,400 - INFO - [T05] Descargando...  57.2% a    1.66MiB/s
2025-10-17 18:28:48,413 - INFO - [T05] Descargando...  57.3% a    1.66MiB/s
2025-10-17 18:28:48,451 - INFO - [T05] Descargando...  57.5% a    1.66MiB/s
2025-10-17 18:28:48,478 - INFO - [T05] Descargando...  57.8% a    1.66MiB/s
2025-10-17 18:28:48,532 - INFO - [T05] Descargando...  58.5% a    1.68MiB/s
2025-10-17 18:28:48,534 - INFO - [T05] Descargando...  57.3% a    1.68MiB/s
2025-10-17 18:28:48,540 - INFO - [T05] Descargando...  54.4% a    1.68MiB/s
2025-10-17 18:28:48,755 - INFO - [T05] Descargando...  60.7% a    1.66MiB/s
2025-10-17 18:28:48,767 - INFO - [T05] Descargando...  60.7% a    1.66MiB/s
2025-10-17 18:28:48,785 - INFO - [T05] Descargando...  60.7% a    1.66MiB/s
2025-10-17 18:28:48,808 - INFO - [T05] Descargando...  60.8% a    1.64MiB/s
2025-10-17 18:28:48,831 - INFO - [T05] Descargando...  60.8% a    1.64MiB/s
2025-10-17 18:28:48,854 - INFO - [T05] Descargando...  60.9% a    1.64MiB/s
2025-10-17 18:28:48,905 - INFO - [T05] Descargando...  61.1% a    1.62MiB/s
2025-10-17 18:28:48,994 - INFO - [T05] Descargando...  61.4% a    1.60MiB/s
2025-10-17 18:28:49,134 - INFO - [T05] Descargando...  62.1% a    1.62MiB/s
2025-10-17 18:28:49,307 - INFO - [T05] Descargando...  62.6% a    1.65MiB/s
2025-10-17 18:28:49,339 - INFO - [T05] Descargando...  56.5% a    1.65MiB/s
2025-10-17 18:28:49,669 - INFO - [T05] Descargando...  64.3% a    1.60MiB/s
2025-10-17 18:28:49,675 - INFO - [T05] Descargando...  64.3% a    1.60MiB/s
2025-10-17 18:28:49,687 - INFO - [T05] Descargando...  64.3% a    1.60MiB/s
2025-10-17 18:28:49,711 - INFO - [T05] Descargando...  64.3% a    1.60MiB/s
2025-10-17 18:28:49,729 - INFO - [T05] Descargando...  64.4% a    1.56MiB/s
2025-10-17 18:28:49,753 - INFO - [T05] Descargando...  64.5% a    1.56MiB/s
2025-10-17 18:28:49,793 - INFO - [T05] Descargando...  64.6% a    1.51MiB/s
2025-10-17 18:28:49,851 - INFO - [T05] Descargando...  65.0% a    1.51MiB/s
2025-10-17 18:28:49,935 - INFO - [T05] Descargando...  65.1% a    1.52MiB/s
2025-10-17 18:28:49,962 - INFO - [T05] Descargando...  62.2% a    1.52MiB/s
2025-10-17 18:28:50,314 - INFO - [T05] Descargando...  67.9% a    1.46MiB/s
2025-10-17 18:28:50,321 - INFO - [T05] Descargando...  67.9% a    1.46MiB/s
2025-10-17 18:28:50,333 - INFO - [T05] Descargando...  67.9% a    1.46MiB/s
2025-10-17 18:28:50,351 - INFO - [T05] Descargando...  67.9% a    1.46MiB/s
2025-10-17 18:28:50,369 - INFO - [T05] Descargando...  67.9% a    1.42MiB/s
2025-10-17 18:28:50,392 - INFO - [T05] Descargando...  68.0% a    1.42MiB/s
2025-10-17 18:28:50,451 - INFO - [T05] Descargando...  68.2% a    1.37MiB/s
2025-10-17 18:28:50,529 - INFO - [T05] Descargando...  68.6% a    1.30MiB/s
2025-10-17 18:28:50,651 - INFO - [T05] Descargando...  69.3% a    1.29MiB/s
2025-10-17 18:28:50,701 - INFO - [T05] Descargando...  68.2% a    1.28MiB/s
2025-10-17 18:28:50,729 - INFO - [T05] Descargando...  64.9% a    1.28MiB/s
2025-10-17 18:28:51,368 - INFO - [T05] Descargando...  71.4% a    1.13MiB/s
2025-10-17 18:28:51,374 - INFO - [T05] Descargando...  71.4% a    1.13MiB/s
2025-10-17 18:28:51,397 - INFO - [T05] Descargando...  71.5% a    1.13MiB/s
2025-10-17 18:28:51,420 - INFO - [T05] Descargando...  71.5% a    1.02MiB/s
2025-10-17 18:28:51,444 - INFO - [T05] Descargando...  71.5% a    1.02MiB/s
2025-10-17 18:28:51,473 - INFO - [T05] Descargando...  71.6% a  924.97KiB/s
2025-10-17 18:28:51,530 - INFO - [T05] Descargando...  71.8% a  847.63KiB/s
2025-10-17 18:28:51,634 - INFO - [T05] Descargando...  72.1% a  811.88KiB/s
2025-10-17 18:28:51,809 - INFO - [T05] Descargando...  72.8% a  798.88KiB/s
2025-10-17 18:28:51,923 - INFO - [T05] Descargando...  72.1% a  787.60KiB/s
2025-10-17 18:28:51,958 - INFO - [T05] Descargando...  68.2% a  787.60KiB/s
2025-10-17 18:28:52,100 - INFO - [T05] Descargando...  75.0% a  750.36KiB/s
2025-10-17 18:28:52,102 - INFO - [T05] Descargando...  75.0% a  750.36KiB/s
2025-10-17 18:28:52,104 - INFO - [T05] Descargando...  75.0% a  750.36KiB/s
2025-10-17 18:28:52,110 - INFO - [T05] Descargando...  75.0% a  750.36KiB/s
2025-10-17 18:28:52,117 - INFO - [T05] Descargando...  75.1% a  750.36KiB/s
2025-10-17 18:28:52,127 - INFO - [T05] Descargando...  75.2% a  750.36KiB/s
2025-10-17 18:28:52,139 - INFO - [T05] Descargando...  75.4% a  750.36KiB/s
2025-10-17 18:28:52,157 - INFO - [T05] Descargando...  75.7% a  721.97KiB/s
2025-10-17 18:28:52,203 - INFO - [T05] Descargando...  76.4% a  721.97KiB/s
2025-10-17 18:28:52,301 - INFO - [T07] Titulo del video: Lady Gaga - Judas (Lyrics)
2025-10-17 18:28:52,301 - INFO - [T05] Descargando...  75.9% a  736.00KiB/s
2025-10-17 18:28:52,318 - INFO - [T05] Descargando...  71.5% a  736.00KiB/s
2025-10-17 18:28:52,475 - INFO - [T05] Descargando...  78.6% a  760.99KiB/s
2025-10-17 18:28:52,477 - INFO - [T05] Descargando...  78.6% a  760.99KiB/s
2025-10-17 18:28:52,480 - INFO - [T05] Descargando...  78.6% a  760.99KiB/s
2025-10-17 18:28:52,484 - INFO - [T05] Descargando...  78.6% a  760.99KiB/s
2025-10-17 18:28:52,487 - INFO - [T05] Descargando...  78.7% a  760.99KiB/s
2025-10-17 18:28:52,491 - INFO - [T05] Descargando...  78.8% a  760.99KiB/s
2025-10-17 18:28:52,496 - INFO - [T05] Descargando...  78.9% a  760.99KiB/s
2025-10-17 18:28:52,521 - INFO - [T05] Descargando...  79.3% a  760.99KiB/s
2025-10-17 18:28:52,649 - INFO - [T05] Descargando...  80.0% a  815.37KiB/s
2025-10-17 18:28:52,651 - INFO - [T05] Descargando...  78.6% a  815.37KiB/s
2025-10-17 18:28:52,660 - INFO - [T05] Descargando...  75.8% a  815.37KiB/s
2025-10-17 18:28:52,837 - INFO - [T05] Descargando...  82.1% a  828.86KiB/s
2025-10-17 18:28:52,849 - INFO - [T05] Descargando...  82.2% a  828.86KiB/s
2025-10-17 18:28:52,855 - INFO - [T05] Descargando...  82.2% a  828.86KiB/s
2025-10-17 18:28:52,865 - INFO - [T05] Descargando...  82.2% a  828.86KiB/s
2025-10-17 18:28:52,868 - INFO - [T05] Descargando...  82.2% a  828.86KiB/s
2025-10-17 18:28:52,871 - INFO - [T05] Descargando...  82.3% a  828.86KiB/s
2025-10-17 18:28:52,876 - INFO - [T05] Descargando...  82.5% a  828.86KiB/s
2025-10-17 18:28:52,884 - INFO - [T05] Descargando...  82.9% a  828.86KiB/s
2025-10-17 18:28:52,906 - INFO - [T05] Descargando...  83.6% a  876.70KiB/s
2025-10-17 18:28:52,974 - INFO - [T05] Descargando...  84.1% a  985.11KiB/s
2025-10-17 18:28:52,979 - INFO - [T05] Descargando...  77.7% a  985.11KiB/s
2025-10-17 18:28:53,139 - INFO - [T05] Descargando...  85.7% a    1.02MiB/s
2025-10-17 18:28:53,147 - INFO - [T05] Descargando...  85.7% a    1.02MiB/s
2025-10-17 18:28:53,155 - INFO - [T05] Descargando...  85.7% a    1.02MiB/s
2025-10-17 18:28:53,160 - INFO - [T05] Descargando...  85.8% a    1.02MiB/s
2025-10-17 18:28:53,164 - INFO - [T05] Descargando...  85.8% a    1.02MiB/s
2025-10-17 18:28:53,170 - INFO - [T05] Descargando...  85.9% a    1.02MiB/s
2025-10-17 18:28:53,201 - INFO - [T05] Descargando...  86.1% a    1.06MiB/s
2025-10-17 18:28:53,288 - INFO - [T05] Descargando...  86.4% a    1.09MiB/s
2025-10-17 18:28:53,426 - INFO - [T05] Descargando...  87.1% a    1.13MiB/s
2025-10-17 18:28:53,671 - INFO - [T05] Descargando...  88.1% a    1.15MiB/s
2025-10-17 18:28:53,718 - INFO - [T05] Descargando...  80.9% a    1.15MiB/s
2025-10-17 18:28:53,837 - INFO - [T05] Descargando...  89.3% a    1.24MiB/s
2025-10-17 18:28:53,839 - INFO - [T05] Descargando...  89.3% a    1.24MiB/s
2025-10-17 18:28:53,840 - INFO - [T05] Descargando...  89.3% a    1.24MiB/s
2025-10-17 18:28:53,843 - INFO - [T05] Descargando...  89.3% a    1.24MiB/s
2025-10-17 18:28:53,868 - INFO - [T05] Descargando...  89.4% a    1.24MiB/s
2025-10-17 18:28:53,871 - INFO - [T05] Descargando...  89.5% a    1.24MiB/s
2025-10-17 18:28:53,896 - INFO - [T05] Descargando...  89.6% a    1.31MiB/s
2025-10-17 18:28:53,977 - INFO - [T05] Descargando...  90.0% a    1.36MiB/s
2025-10-17 18:28:54,061 - INFO - [T05] Descargando...  90.7% a    1.40MiB/s
2025-10-17 18:28:54,126 - INFO - [T05] Descargando...  90.5% a    1.45MiB/s
2025-10-17 18:28:54,138 - INFO - [T05] Descargando...  85.6% a    1.45MiB/s
2025-10-17 18:28:54,270 - INFO - [T05] Descargando...  92.9% a    1.46MiB/s
2025-10-17 18:28:54,271 - INFO - [T05] Descargando...  92.9% a    1.46MiB/s
2025-10-17 18:28:54,274 - INFO - [T05] Descargando...  92.9% a    1.46MiB/s
2025-10-17 18:28:54,282 - INFO - [T05] Descargando...  92.9% a    1.46MiB/s
2025-10-17 18:28:54,285 - INFO - [T05] Descargando...  92.9% a    1.46MiB/s
2025-10-17 18:28:54,288 - INFO - [T05] Descargando...  93.0% a    1.46MiB/s
2025-10-17 18:28:54,304 - INFO - [T05] Descargando...  93.2% a    1.46MiB/s
2025-10-17 18:28:54,333 - INFO - [T05] Descargando...  93.5% a    1.48MiB/s
2025-10-17 18:28:54,403 - INFO - [T05] Descargando...  94.2% a    1.52MiB/s
2025-10-17 18:28:54,447 - INFO - [T05] Descargando...  93.7% a    1.52MiB/s
2025-10-17 18:28:54,454 - INFO - [T05] Descargando...  89.5% a    1.56MiB/s
2025-10-17 18:28:54,616 - INFO - [T05] Descargando...  96.4% a    1.56MiB/s
2025-10-17 18:28:54,620 - INFO - [T05] Descargando...  96.4% a    1.56MiB/s
2025-10-17 18:28:54,625 - INFO - [T05] Descargando...  96.5% a    1.56MiB/s
2025-10-17 18:28:54,629 - INFO - [T05] Descargando...  96.5% a    1.56MiB/s
2025-10-17 18:28:54,633 - INFO - [T05] Descargando...  96.5% a    1.56MiB/s
2025-10-17 18:28:54,637 - INFO - [T05] Descargando...  96.6% a    1.56MiB/s
2025-10-17 18:28:54,657 - INFO - [T05] Descargando...  96.8% a    1.56MiB/s
2025-10-17 18:28:54,688 - INFO - [T05] Descargando...  97.1% a    1.58MiB/s
2025-10-17 18:28:54,725 - INFO - [T05] Descargando...  97.3% a    1.58MiB/s
2025-10-17 18:28:54,730 - INFO - [T05] Descargando...  94.3% a    1.58MiB/s
2025-10-17 18:28:54,885 - INFO - [T05] Descargando... 100.0% a    1.59MiB/s
2025-10-17 18:28:54,891 - INFO - [T05] Descargando... 100.0% a    1.59MiB/s
2025-10-17 18:28:54,908 - INFO - [T05] Descargando... 100.0% a    1.59MiB/s
2025-10-17 18:28:54,942 - INFO - [T05] Descargando... 100.0% a    1.61MiB/s
2025-10-17 18:28:55,110 - INFO - [T05] Descarga terminada: downloads/Mark Ambor - Belong Together (Lyrics).mp4
2025-10-17 18:29:00,393 - INFO - [T05] Descarga completada exitosamente: downloads/Mark Ambor - Belong Together Lyrics.mp3
2025-10-17 18:29:00,394 - INFO - [T08] Iniciando descarga de: https://www.youtube.com/watch?v=neLM6avv8Bc
2025-10-17 18:29:00,584 - INFO - [T07] Descargando...   0.0% a   99.70KiB/s
2025-10-17 18:29:00,585 - INFO - [T07] Descargando...   0.1% a  258.70KiB/s
2025-10-17 18:29:00,587 - INFO - [T07] Descargando...   0.2% a  536.70KiB/s
2025-10-17 18:29:00,594 - INFO - [T07] Descargando...   0.4% a  761.60KiB/s
2025-10-17 18:29:00,597 - INFO - [T07] Descargando...   0.8% a    1.36MiB/s
2025-10-17 18:29:00,602 - INFO - [T07] Descargando...   1.6% a    2.18MiB/s
2025-10-17 18:29:00,647 - INFO - [T07] Descargando...   3.2% a    1.70MiB/s
2025-10-17 18:29:00,715 - INFO - [T07] Descargando...   6.5% a    1.76MiB/s
2025-10-17 18:29:00,858 - INFO - [T07] Descargando...  13.1% a    1.76MiB/s
2025-10-17 18:29:01,125 - INFO - [T07] Descargando...  26.1% a    1.81MiB/s
2025-10-17 18:29:01,745 - INFO - [T07] Descargando...  52.3% a    1.71MiB/s
2025-10-17 18:29:02,196 - INFO - [T07] Descargando...  94.5% a    2.23MiB/s
2025-10-17 18:29:02,231 - INFO - [T07] Descargando... 100.0% a    2.31MiB/s
2025-10-17 18:29:02,240 - INFO - [T07] Descarga terminada: downloads/Lady Gaga - Judas (Lyrics).webm
2025-10-17 18:29:06,840 - INFO - [T08] Titulo del video: Enol - UN BESO A LA MITAD (Videoclip Oficial)
2025-10-17 18:29:09,589 - INFO - [T07] Descarga completada exitosamente: downloads/Lady Gaga - Judas Lyrics.mp3
2025-10-17 18:29:09,601 - INFO - [T09] Iniciando descarga de: https://www.youtube.com/watch?v=MzBlHP2e8Ww
2025-10-17 18:29:13,555 - INFO - [T09] Titulo del video: Abraham Mateo - Maníaca (Official Video)
2025-10-17 18:29:15,039 - INFO - [T08] Descargando...   0.0% a  305.31KiB/s
2025-10-17 18:29:15,040 - INFO - [T08] Descargando...   0.1% a  676.65KiB/s
2025-10-17 18:29:15,041 - INFO - [T08] Descargando...   0.3% a    1.21MiB/s
2025-10-17 18:29:15,043 - INFO - [T08] Descargando...   0.6% a    1.94MiB/s
2025-10-17 18:29:15,059 - INFO - [T08] Descargando...   1.2% a    1.32MiB/s
2025-10-17 18:29:15,084 - INFO - [T08] Descargando...   2.4% a    1.26MiB/s
2025-10-17 18:29:15,200 - INFO - [T08] Descargando...   4.8% a  774.56KiB/s
2025-10-17 18:29:15,218 - INFO - [T08] Descargando...   9.7% a    1.36MiB/s
2025-10-17 18:29:15,290 - INFO - [T08] Descargando...  19.4% a    1.96MiB/s
2025-10-17 18:29:15,492 - INFO - [T08] Descargando...  38.8% a    2.19MiB/s
2025-10-17 18:29:15,907 - INFO - [T08] Descargando...  77.7% a    2.29MiB/s
2025-10-17 18:29:16,061 - INFO - [T08] Descargando... 100.0% a    2.51MiB/s
2025-10-17 18:29:16,081 - INFO - [T08] Descarga terminada: downloads/Enol - UN BESO A LA MITAD (Videoclip Oficial).webm
2025-10-17 18:29:20,504 - INFO - [T08] Descarga completada exitosamente: downloads/Enol - UN BESO A LA MITAD Videoclip Oficial.mp3
2025-10-17 18:29:20,506 - INFO - [T10] Iniciando descarga de: https://www.youtube.com/watch?v=m-rxTKqSl9g
2025-10-17 18:29:23,556 - INFO - [T09] Descargando... 100.0% a    1.21KiB/s
2025-10-17 18:29:23,568 - INFO - [T09] Descargando...   8.8% a    1.21KiB/s
2025-10-17 18:29:23,586 - INFO - [T09] Descargando...   6.9% a    1.21KiB/s
2025-10-17 18:29:23,604 - INFO - [T09] Descargando...   6.3% a    1.21KiB/s
2025-10-17 18:29:23,622 - INFO - [T09] Descargando...   6.1% a   30.35KiB/s
2025-10-17 18:29:23,645 - INFO - [T09] Descargando...   6.0% a   30.35KiB/s
2025-10-17 18:29:23,690 - INFO - [T09] Descargando...   5.9% a  120.67KiB/s
2025-10-17 18:29:23,757 - INFO - [T09] Descargando...   5.9% a  254.28KiB/s
2025-10-17 18:29:23,905 - INFO - [T09] Descargando...   5.9% a  436.58KiB/s
2025-10-17 18:29:24,180 - INFO - [T09] Descargando...   5.9% a  659.22KiB/s
2025-10-17 18:29:24,681 - INFO - [T09] Descargando...   5.9% a  910.06KiB/s
2025-10-17 18:29:24,725 - INFO - [T09] Descargando...   3.0% a  910.06KiB/s
2025-10-17 18:29:24,752 - INFO - [T09] Descargando...   1.5% a    1.04MiB/s
2025-10-17 18:29:25,097 - INFO - [T09] Descargando...   5.9% a    1.07MiB/s
2025-10-17 18:29:25,108 - INFO - [T09] Descargando...   5.9% a    1.07MiB/s
2025-10-17 18:29:25,126 - INFO - [T09] Descargando...   5.9% a    1.07MiB/s
2025-10-17 18:29:25,149 - INFO - [T09] Descargando...   5.9% a    1.08MiB/s
2025-10-17 18:29:25,167 - INFO - [T09] Descargando...   5.9% a    1.08MiB/s
2025-10-17 18:29:25,193 - INFO - [T09] Descargando...   6.0% a    1.08MiB/s
2025-10-17 18:29:25,233 - INFO - [T09] Descargando...   6.1% a    1.09MiB/s
2025-10-17 18:29:25,433 - INFO - [T09] Descargando...   6.2% a    1.09MiB/s
2025-10-17 18:29:25,502 - INFO - [T09] Descargando...   6.5% a    1.11MiB/s
2025-10-17 18:29:25,646 - INFO - [T10] Titulo del video: Walls - haz lo que quieras conmigo (Videoclip Oficial)
2025-10-17 18:29:25,668 - INFO - [T09] Descargando...   7.0% a    1.16MiB/s
2025-10-17 18:29:25,769 - INFO - [T09] Descargando...   7.0% a    1.25MiB/s
2025-10-17 18:29:25,776 - INFO - [T09] Descargando...   4.1% a    1.25MiB/s
2025-10-17 18:29:25,932 - INFO - [T09] Descargando...   8.8% a    1.29MiB/s
2025-10-17 18:29:25,934 - INFO - [T09] Descargando...   8.8% a    1.29MiB/s
2025-10-17 18:29:25,938 - INFO - [T09] Descargando...   8.8% a    1.29MiB/s
2025-10-17 18:29:25,940 - INFO - [T09] Descargando...   8.8% a    1.29MiB/s
2025-10-17 18:29:25,943 - INFO - [T09] Descargando...   8.9% a    1.29MiB/s
2025-10-17 18:29:25,947 - INFO - [T09] Descargando...   8.9% a    1.29MiB/s
2025-10-17 18:29:25,960 - INFO - [T09] Descargando...   9.0% a    1.29MiB/s
2025-10-17 18:29:25,989 - INFO - [T09] Descargando...   9.1% a    1.33MiB/s
2025-10-17 18:29:26,042 - INFO - [T09] Descargando...   9.4% a    1.38MiB/s
2025-10-17 18:29:26,430 - INFO - [T09] Descargando...   9.9% a    1.45MiB/s
2025-10-17 18:29:26,587 - INFO - [T09] Descargando...  10.4% a    1.56MiB/s
2025-10-17 18:29:26,595 - INFO - [T09] Descargando...   6.6% a    1.56MiB/s
2025-10-17 18:29:26,749 - INFO - [T09] Descargando...  11.8% a    1.61MiB/s
2025-10-17 18:29:26,753 - INFO - [T09] Descargando...  11.8% a    1.61MiB/s
2025-10-17 18:29:26,755 - INFO - [T09] Descargando...  11.8% a    1.61MiB/s
2025-10-17 18:29:26,758 - INFO - [T09] Descargando...  11.8% a    1.61MiB/s
2025-10-17 18:29:26,762 - INFO - [T09] Descargando...  11.8% a    1.61MiB/s
2025-10-17 18:29:26,768 - INFO - [T09] Descargando...  11.8% a    1.61MiB/s
2025-10-17 18:29:26,784 - INFO - [T09] Descargando...  11.9% a    1.61MiB/s
2025-10-17 18:29:26,802 - INFO - [T09] Descargando...  12.0% a    1.66MiB/s
2025-10-17 18:29:26,849 - INFO - [T09] Descargando...  12.3% a    1.66MiB/s
2025-10-17 18:29:26,992 - INFO - [T09] Descargando...  12.8% a    1.74MiB/s
2025-10-17 18:29:27,379 - INFO - [T09] Descargando...  13.6% a    1.82MiB/s
2025-10-17 18:29:27,447 - INFO - [T09] Descargando...  12.2% a    1.89MiB/s
2025-10-17 18:29:27,455 - INFO - [T09] Descargando...   9.1% a    1.89MiB/s
2025-10-17 18:29:27,673 - INFO - [T09] Descargando...  14.7% a    1.89MiB/s
2025-10-17 18:29:27,677 - INFO - [T09] Descargando...  14.7% a    1.89MiB/s
2025-10-17 18:29:27,683 - INFO - [T09] Descargando...  14.7% a    1.89MiB/s
2025-10-17 18:29:27,688 - INFO - [T09] Descargando...  14.7% a    1.89MiB/s
2025-10-17 18:29:27,692 - INFO - [T09] Descargando...  14.7% a    1.89MiB/s
2025-10-17 18:29:27,715 - INFO - [T09] Descargando...  14.8% a    1.89MiB/s
2025-10-17 18:29:27,733 - INFO - [T09] Descargando...  14.8% a    1.91MiB/s
2025-10-17 18:29:27,766 - INFO - [T09] Descargando...  14.9% a    1.91MiB/s
2025-10-17 18:29:27,805 - INFO - [T09] Descargando...  15.2% a    2.02MiB/s
2025-10-17 18:29:27,870 - INFO - [T09] Descargando...  15.6% a    2.13MiB/s
2025-10-17 18:29:27,872 - INFO - [T09] Descargando...  14.7% a    2.13MiB/s
2025-10-17 18:29:27,878 - INFO - [T09] Descargando...  13.2% a    2.13MiB/s
2025-10-17 18:29:28,015 - INFO - [T09] Descargando...  17.6% a    2.17MiB/s
2025-10-17 18:29:28,018 - INFO - [T09] Descargando...  17.7% a    2.17MiB/s
2025-10-17 18:29:28,021 - INFO - [T09] Descargando...  17.7% a    2.17MiB/s
2025-10-17 18:29:28,024 - INFO - [T09] Descargando...  17.7% a    2.17MiB/s
2025-10-17 18:29:28,027 - INFO - [T09] Descargando...  17.7% a    2.17MiB/s
2025-10-17 18:29:28,031 - INFO - [T09] Descargando...  17.7% a    2.17MiB/s
2025-10-17 18:29:28,036 - INFO - [T09] Descargando...  17.8% a    2.17MiB/s
2025-10-17 18:29:28,220 - INFO - [T09] Descargando...  17.9% a    2.21MiB/s
2025-10-17 18:29:28,382 - INFO - [T09] Descargando...  18.1% a    2.25MiB/s
2025-10-17 18:29:28,515 - INFO - [T09] Descargando...  18.6% a    2.28MiB/s
2025-10-17 18:29:28,821 - INFO - [T09] Descargando...  19.5% a    2.33MiB/s
2025-10-17 18:29:28,896 - INFO - [T09] Descargando...  17.8% a    2.36MiB/s
2025-10-17 18:29:28,929 - INFO - [T09] Descargando...  14.8% a    2.36MiB/s
2025-10-17 18:29:29,293 - INFO - [T09] Descargando...  20.6% a    2.30MiB/s
2025-10-17 18:29:29,305 - INFO - [T09] Descargando...  20.6% a    2.30MiB/s
2025-10-17 18:29:29,322 - INFO - [T09] Descargando...  20.6% a    2.30MiB/s
2025-10-17 18:29:29,346 - INFO - [T09] Descargando...  20.6% a    2.30MiB/s
2025-10-17 18:29:29,369 - INFO - [T09] Descargando...  20.6% a    2.24MiB/s
2025-10-17 18:29:29,392 - INFO - [T09] Descargando...  20.6% a    2.24MiB/s
2025-10-17 18:29:29,437 - INFO - [T09] Descargando...  20.7% a    2.14MiB/s
2025-10-17 18:29:29,489 - INFO - [T09] Descargando...  20.8% a    2.08MiB/s
2025-10-17 18:29:29,654 - INFO - [T09] Descargando...  21.1% a    2.06MiB/s
2025-10-17 18:29:29,905 - INFO - [T09] Descargando...  21.4% a    1.99MiB/s
2025-10-17 18:29:29,939 - INFO - [T09] Descargando...  19.0% a    1.99MiB/s
2025-10-17 18:29:30,323 - INFO - [T09] Descargando...  23.5% a    1.83MiB/s
2025-10-17 18:29:30,335 - INFO - [T09] Descargando...  23.5% a    1.83MiB/s
2025-10-17 18:29:30,352 - INFO - [T09] Descargando...  23.5% a    1.83MiB/s
2025-10-17 18:29:30,377 - INFO - [T09] Descargando...  23.5% a    1.83MiB/s
2025-10-17 18:29:30,400 - INFO - [T09] Descargando...  23.6% a    1.70MiB/s
2025-10-17 18:29:30,423 - INFO - [T09] Descargando...  23.6% a    1.70MiB/s
2025-10-17 18:29:30,474 - INFO - [T09] Descargando...  23.7% a    1.63MiB/s
2025-10-17 18:29:30,564 - INFO - [T09] Descargando...  23.8% a    1.59MiB/s
2025-10-17 18:29:30,635 - INFO - [T09] Descargando...  24.0% a    1.57MiB/s
2025-10-17 18:29:30,834 - INFO - [T09] Descargando...  24.5% a    1.51MiB/s
2025-10-17 18:29:31,130 - INFO - [T09] Descargando...  25.4% a    1.55MiB/s
2025-10-17 18:29:31,332 - INFO - [T09] Descargando...  24.8% a    1.63MiB/s
2025-10-17 18:29:31,364 - INFO - [T09] Descargando...  19.8% a    1.63MiB/s
2025-10-17 18:29:31,771 - INFO - [T09] Descargando...  26.5% a    1.53MiB/s
2025-10-17 18:29:31,783 - INFO - [T09] Descargando...  26.5% a    1.53MiB/s
2025-10-17 18:29:31,801 - INFO - [T09] Descargando...  26.5% a    1.53MiB/s
2025-10-17 18:29:31,807 - INFO - [T09] Descargando...  26.5% a    1.53MiB/s
2025-10-17 18:29:31,836 - INFO - [T09] Descargando...  26.5% a    1.45MiB/s
2025-10-17 18:29:31,867 - INFO - [T09] Descargando...  26.5% a    1.45MiB/s
2025-10-17 18:29:31,926 - INFO - [T09] Descargando...  26.6% a    1.45MiB/s
2025-10-17 18:29:31,963 - INFO - [T09] Descargando...  26.7% a    1.45MiB/s
2025-10-17 18:29:32,006 - INFO - [T09] Descargando...  26.9% a    1.49MiB/s
2025-10-17 18:29:32,067 - INFO - [T09] Descargando...  27.4% a    1.55MiB/s
2025-10-17 18:29:32,099 - INFO - [T09] Descargando...  27.0% a    1.55MiB/s
2025-10-17 18:29:32,110 - INFO - [T09] Descargando...  24.5% a    1.55MiB/s
2025-10-17 18:29:32,303 - INFO - [T09] Descargando...  29.4% a    1.59MiB/s
2025-10-17 18:29:32,315 - INFO - [T09] Descargando...  29.4% a    1.59MiB/s
2025-10-17 18:29:32,333 - INFO - [T09] Descargando...  29.4% a    1.59MiB/s
2025-10-17 18:29:32,358 - INFO - [T09] Descargando...  29.4% a    1.62MiB/s
2025-10-17 18:29:32,381 - INFO - [T09] Descargando...  29.4% a    1.62MiB/s
2025-10-17 18:29:32,427 - INFO - [T09] Descargando...  29.5% a    1.63MiB/s
2025-10-17 18:29:32,162 - INFO - [T09] Descargando...  29.5% a    1.63MiB/s
2025-10-17 18:29:31,805 - INFO - [T09] Descargando...  29.6% a    1.64MiB/s
2025-10-17 18:29:31,839 - INFO - [T09] Descargando...  29.9% a    1.64MiB/s
2025-10-17 18:29:31,857 - INFO - [T09] Descargando...  30.3% a    1.71MiB/s
2025-10-17 18:29:31,983 - INFO - [T09] Descargando...  31.2% a    1.84MiB/s
2025-10-17 18:29:32,021 - INFO - [T09] Descargando...  29.8% a    1.84MiB/s
2025-10-17 18:29:32,027 - INFO - [T09] Descargando...  26.2% a    1.84MiB/s
2025-10-17 18:29:32,214 - INFO - [T09] Descargando...  32.4% a    2.01MiB/s
2025-10-17 18:29:32,217 - INFO - [T09] Descargando...  32.4% a    2.01MiB/s
2025-10-17 18:29:32,224 - INFO - [T09] Descargando...  32.4% a    2.01MiB/s
2025-10-17 18:29:32,227 - INFO - [T09] Descargando...  32.4% a    2.01MiB/s
2025-10-17 18:29:32,230 - INFO - [T09] Descargando...  32.4% a    2.01MiB/s
2025-10-17 18:29:32,235 - INFO - [T09] Descargando...  32.4% a    2.01MiB/s
2025-10-17 18:29:32,241 - INFO - [T09] Descargando...  32.5% a    2.01MiB/s
2025-10-17 18:29:32,266 - INFO - [T09] Descargando...  32.6% a    2.14MiB/s
2025-10-17 18:29:32,316 - INFO - [T09] Descargando...  32.8% a    2.24MiB/s
2025-10-17 18:29:32,413 - INFO - [T09] Descargando...  33.2% a    2.35MiB/s
2025-10-17 18:29:32,660 - INFO - [T09] Descargando...  34.1% a    2.47MiB/s
2025-10-17 18:29:32,700 - INFO - [T09] Descargando...  32.7% a    2.47MiB/s
2025-10-17 18:29:32,710 - INFO - [T09] Descargando...  29.1% a    2.47MiB/s
2025-10-17 18:29:32,891 - INFO - [T09] Descargando...  35.3% a    2.53MiB/s
2025-10-17 18:29:32,894 - INFO - [T09] Descargando...  35.3% a    2.53MiB/s
2025-10-17 18:29:32,896 - INFO - [T09] Descargando...  35.3% a    2.53MiB/s
2025-10-17 18:29:32,900 - INFO - [T09] Descargando...  35.3% a    2.53MiB/s
2025-10-17 18:29:32,905 - INFO - [T09] Descargando...  35.3% a    2.53MiB/s
2025-10-17 18:29:32,909 - INFO - [T09] Descargando...  35.3% a    2.53MiB/s
2025-10-17 18:29:32,922 - INFO - [T09] Descargando...  35.4% a    2.53MiB/s
2025-10-17 18:29:32,953 - INFO - [T09] Descargando...  35.5% a    2.59MiB/s
2025-10-17 18:29:33,023 - INFO - [T09] Descargando...  35.7% a    2.63MiB/s
2025-10-17 18:29:33,168 - INFO - [T09] Descargando...  36.1% a    2.66MiB/s
2025-10-17 18:29:33,405 - INFO - [T09] Descargando...  37.0% a    2.69MiB/s
2025-10-17 18:29:33,486 - INFO - [T09] Descargando...  36.1% a    2.74MiB/s
2025-10-17 18:29:33,493 - INFO - [T09] Descargando...  31.8% a    2.74MiB/s
2025-10-17 18:29:33,640 - INFO - [T09] Descargando...  38.2% a    2.87MiB/s
2025-10-17 18:29:33,643 - INFO - [T09] Descargando...  38.2% a    2.87MiB/s
2025-10-17 18:29:33,645 - INFO - [T09] Descargando...  38.2% a    2.87MiB/s
2025-10-17 18:29:33,648 - INFO - [T09] Descargando...  38.2% a    2.87MiB/s
2025-10-17 18:29:33,656 - INFO - [T09] Descargando...  38.3% a    2.87MiB/s
2025-10-17 18:29:33,659 - INFO - [T09] Descargando...  38.3% a    2.87MiB/s
2025-10-17 18:29:33,680 - INFO - [T09] Descargando...  38.3% a    2.87MiB/s
2025-10-17 18:29:33,710 - INFO - [T09] Descargando...  38.4% a    2.96MiB/s
2025-10-17 18:29:33,748 - INFO - [T09] Descargando...  38.7% a    2.96MiB/s
2025-10-17 18:29:33,842 - INFO - [T09] Descargando...  39.1% a    3.06MiB/s
2025-10-17 18:29:33,975 - INFO - [T09] Descargando...  39.5% a    3.17MiB/s
2025-10-17 18:29:33,981 - INFO - [T09] Descargando...  35.6% a    3.17MiB/s
2025-10-17 18:29:34,032 - INFO - [T10] Descargando...   0.0% a  223.89KiB/s
2025-10-17 18:29:34,034 - INFO - [T10] Descargando...   0.1% a  538.38KiB/s
2025-10-17 18:29:34,037 - INFO - [T10] Descargando...   0.2% a  806.80KiB/s
2025-10-17 18:29:34,040 - INFO - [T10] Descargando...   0.4% a    1.26MiB/s
2025-10-17 18:29:34,044 - INFO - [T10] Descargando...   0.9% a    2.03MiB/s
2025-10-17 18:29:34,054 - INFO - [T10] Descargando...   1.8% a    2.41MiB/s
2025-10-17 18:29:34,068 - INFO - [T10] Descargando...   3.7% a    3.11MiB/s
2025-10-17 18:29:34,097 - INFO - [T10] Descargando...   7.4% a    3.61MiB/s
2025-10-17 18:29:34,209 - INFO - [T10] Descargando...  14.8% a    2.78MiB/s
2025-10-17 18:29:34,279 - INFO - [T10] Descargando...  29.7% a    3.99MiB/s
2025-10-17 18:29:34,421 - INFO - [T10] Descargando...  59.4% a    5.09MiB/s
2025-10-17 18:29:34,706 - INFO - [T10] Descargando... 100.0% a    4.97MiB/s
2025-10-17 18:29:34,710 - INFO - [T10] Descarga terminada: downloads/Walls - haz lo que quieras conmigo (Videoclip Oficial).webm
2025-10-17 18:29:34,731 - INFO - [T09] Descargando...  41.2% a    3.09MiB/s
2025-10-17 18:29:34,732 - INFO - [T09] Descargando...  41.2% a    3.09MiB/s
2025-10-17 18:29:34,735 - INFO - [T09] Descargando...  41.2% a    3.09MiB/s
2025-10-17 18:29:34,737 - INFO - [T09] Descargando...  41.2% a    3.09MiB/s
2025-10-17 18:29:34,750 - INFO - [T09] Descargando...  41.2% a    3.09MiB/s
2025-10-17 18:29:34,762 - INFO - [T09] Descargando...  41.2% a    3.09MiB/s
2025-10-17 18:29:35,240 - INFO - [T09] Descargando...  41.3% a    2.81MiB/s
2025-10-17 18:29:35,264 - INFO - [T09] Descargando...  41.4% a    2.81MiB/s
2025-10-17 18:29:35,333 - INFO - [T09] Descargando...  41.6% a    2.59MiB/s
2025-10-17 18:29:35,428 - INFO - [T09] Descargando...  42.0% a    2.41MiB/s
2025-10-17 18:29:35,698 - INFO - [T09] Descargando...  42.8% a    2.36MiB/s
2025-10-17 18:29:35,819 - INFO - [T09] Descargando...  42.3% a    2.37MiB/s
2025-10-17 18:29:35,826 - INFO - [T09] Descargando...  37.5% a    2.37MiB/s
2025-10-17 18:29:36,012 - INFO - [T09] Descargando...  44.1% a    2.31MiB/s
2025-10-17 18:29:36,014 - INFO - [T09] Descargando...  44.1% a    2.31MiB/s
2025-10-17 18:29:36,018 - INFO - [T09] Descargando...  44.1% a    2.31MiB/s
2025-10-17 18:29:36,022 - INFO - [T09] Descargando...  44.1% a    2.31MiB/s
2025-10-17 18:29:36,025 - INFO - [T09] Descargando...  44.1% a    2.31MiB/s
2025-10-17 18:29:36,772 - INFO - [T09] Descargando...  44.2% a    1.98MiB/s
2025-10-17 18:29:36,780 - INFO - [T09] Descargando...  44.2% a    1.98MiB/s
2025-10-17 18:29:36,800 - INFO - [T09] Descargando...  44.3% a    1.98MiB/s
2025-10-17 18:29:37,196 - INFO - [T09] Descargando...  44.4% a    1.76MiB/s
2025-10-17 18:29:37,398 - INFO - [T09] Descargando...  44.7% a    1.62MiB/s
2025-10-17 18:29:37,830 - INFO - [T09] Descargando...  45.2% a    1.59MiB/s
2025-10-17 18:29:38,475 - INFO - [T09] Descargando...  46.2% a    1.48MiB/s
2025-10-17 18:29:38,478 - INFO - [T09] Descargando...  44.2% a    1.48MiB/s
2025-10-17 18:29:38,483 - INFO - [T09] Descargando...  40.4% a    1.48MiB/s
2025-10-17 18:29:38,632 - INFO - [T09] Descargando...  47.1% a    1.39MiB/s
2025-10-17 18:29:38,633 - INFO - [T09] Descargando...  47.1% a    1.39MiB/s
2025-10-17 18:29:38,635 - INFO - [T09] Descargando...  47.1% a    1.39MiB/s
2025-10-17 18:29:38,638 - INFO - [T09] Descargando...  47.1% a    1.39MiB/s
2025-10-17 18:29:38,640 - INFO - [T09] Descargando...  47.1% a    1.39MiB/s
2025-10-17 18:29:38,691 - INFO - [T09] Descargando...  47.1% a    1.33MiB/s
2025-10-17 18:29:38,714 - INFO - [T09] Descargando...  47.2% a    1.33MiB/s
2025-10-17 18:29:38,742 - INFO - [T09] Descargando...  47.3% a    1.24MiB/s
2025-10-17 18:29:38,776 - INFO - [T09] Descargando...  47.4% a    1.24MiB/s
2025-10-17 18:29:39,057 - INFO - [T09] Descargando...  47.7% a    1.34MiB/s
2025-10-17 18:29:39,063 - INFO - [T09] Descargando...  45.7% a    1.34MiB/s
2025-10-17 18:29:39,182 - INFO - [T09] Descargando...  50.0% a    1.38MiB/s
2025-10-17 18:29:39,184 - INFO - [T09] Descargando...  50.0% a    1.38MiB/s
2025-10-17 18:29:39,186 - INFO - [T09] Descargando...  50.0% a    1.38MiB/s
2025-10-17 18:29:39,189 - INFO - [T09] Descargando...  50.0% a    1.38MiB/s
2025-10-17 18:29:39,192 - INFO - [T09] Descargando...  50.0% a    1.38MiB/s
2025-10-17 18:29:39,201 - INFO - [T09] Descargando...  50.1% a    1.38MiB/s
2025-10-17 18:29:39,453 - INFO - [T09] Descargando...  50.1% a    1.39MiB/s
2025-10-17 18:29:39,540 - INFO - [T09] Descargando...  50.2% a    1.39MiB/s
2025-10-17 18:29:39,704 - INFO - [T09] Descargando...  50.4% a    1.39MiB/s
2025-10-17 18:29:40,003 - INFO - [T09] Descargando...  50.8% a    1.43MiB/s
2025-10-17 18:29:40,554 - INFO - [T09] Descargando...  51.3% a    1.46MiB/s
2025-10-17 18:29:40,561 - INFO - [T09] Descargando...  47.4% a    1.46MiB/s
2025-10-17 18:29:40,691 - INFO - [T09] Descargando...  52.9% a    1.45MiB/s
2025-10-17 18:29:40,695 - INFO - [T09] Descargando...  52.9% a    1.45MiB/s
2025-10-17 18:29:40,697 - INFO - [T09] Descargando...  52.9% a    1.45MiB/s
2025-10-17 18:29:40,701 - INFO - [T09] Descargando...  53.0% a    1.45MiB/s
2025-10-17 18:29:40,705 - INFO - [T09] Descargando...  53.0% a    1.45MiB/s
2025-10-17 18:29:40,707 - INFO - [T09] Descargando...  53.0% a    1.45MiB/s
2025-10-17 18:29:40,717 - INFO - [T09] Descargando...  53.0% a    1.45MiB/s
2025-10-17 18:29:40,753 - INFO - [T09] Descargando...  53.1% a    1.47MiB/s
2025-10-17 18:29:40,955 - INFO - [T09] Descargando...  53.3% a    1.42MiB/s
2025-10-17 18:29:41,103 - INFO - [T09] Descargando...  53.7% a    1.43MiB/s
2025-10-17 18:29:41,425 - INFO - [T09] Descargando...  54.5% a    1.49MiB/s
2025-10-17 18:29:41,465 - INFO - [T09] Descargando...  53.2% a    1.49MiB/s
2025-10-17 18:29:41,472 - INFO - [T09] Descargando...  49.9% a    1.49MiB/s
2025-10-17 18:29:41,657 - INFO - [T09] Descargando...  55.9% a    1.53MiB/s
2025-10-17 18:29:41,659 - INFO - [T09] Descargando...  55.9% a    1.53MiB/s
2025-10-17 18:29:41,663 - INFO - [T09] Descargando...  55.9% a    1.53MiB/s
2025-10-17 18:29:41,666 - INFO - [T09] Descargando...  55.9% a    1.53MiB/s
2025-10-17 18:29:41,669 - INFO - [T09] Descargando...  55.9% a    1.53MiB/s
2025-10-17 18:29:41,681 - INFO - [T09] Descargando...  55.9% a    1.53MiB/s
2025-10-17 18:29:41,699 - INFO - [T09] Descargando...  56.0% a    1.53MiB/s
2025-10-17 18:29:41,727 - INFO - [T09] Descargando...  56.1% a    1.56MiB/s
2025-10-17 18:29:41,777 - INFO - [T09] Descargando...  56.3% a    1.56MiB/s
2025-10-17 18:29:41,860 - INFO - [T09] Descargando...  56.7% a    1.62MiB/s
2025-10-17 18:29:41,905 - INFO - [T09] Descargando...  56.3% a    1.62MiB/s
2025-10-17 18:29:41,912 - INFO - [T09] Descargando...  54.0% a    1.69MiB/s
2025-10-17 18:29:42,033 - INFO - [T09] Descargando...  58.8% a    1.71MiB/s
2025-10-17 18:29:42,035 - INFO - [T09] Descargando...  58.8% a    1.71MiB/s
2025-10-17 18:29:42,037 - INFO - [T09] Descargando...  58.8% a    1.71MiB/s
2025-10-17 18:29:42,041 - INFO - [T09] Descargando...  58.8% a    1.71MiB/s
2025-10-17 18:29:42,044 - INFO - [T09] Descargando...  58.8% a    1.71MiB/s
2025-10-17 18:29:42,047 - INFO - [T09] Descargando...  58.9% a    1.71MiB/s
2025-10-17 18:29:42,070 - INFO - [T09] Descargando...  58.9% a    1.71MiB/s
2025-10-17 18:29:42,103 - INFO - [T09] Descargando...  59.0% a    1.76MiB/s
2025-10-17 18:29:42,152 - INFO - [T09] Descargando...  59.2% a    1.76MiB/s
2025-10-17 18:29:42,252 - INFO - [T09] Descargando...  59.6% a    1.89MiB/s
2025-10-17 18:29:42,967 - INFO - [T09] Descargando...  60.4% a    1.95MiB/s
2025-10-17 18:29:42,972 - INFO - [T09] Descargando...  55.9% a    1.95MiB/s
2025-10-17 18:29:43,121 - INFO - [T09] Descargando...  61.8% a    2.00MiB/s
2025-10-17 18:29:43,122 - INFO - [T09] Descargando...  61.8% a    2.00MiB/s
2025-10-17 18:29:43,124 - INFO - [T09] Descargando...  61.8% a    2.00MiB/s
2025-10-17 18:29:43,126 - INFO - [T09] Descargando...  61.8% a    2.00MiB/s
2025-10-17 18:29:43,128 - INFO - [T09] Descargando...  61.8% a    2.00MiB/s
2025-10-17 18:29:43,141 - INFO - [T09] Descargando...  61.8% a    2.00MiB/s
2025-10-17 18:29:43,162 - INFO - [T09] Descargando...  61.9% a    2.00MiB/s
2025-10-17 18:29:43,190 - INFO - [T09] Descargando...  62.0% a    2.04MiB/s
2025-10-17 18:29:43,237 - INFO - [T09] Descargando...  62.2% a    2.04MiB/s
2025-10-17 18:29:43,394 - INFO - [T09] Descargando...  62.6% a    2.11MiB/s
2025-10-17 18:29:43,512 - INFO - [T09] Descargando...  62.8% a    2.19MiB/s
2025-10-17 18:29:43,517 - INFO - [T09] Descargando...  59.3% a    2.19MiB/s
2025-10-17 18:29:43,670 - INFO - [T09] Descargando...  64.7% a    2.25MiB/s
2025-10-17 18:29:43,680 - INFO - [T09] Descargando...  64.7% a    2.25MiB/s
2025-10-17 18:29:43,684 - INFO - [T09] Descargando...  64.7% a    2.25MiB/s
2025-10-17 18:29:43,685 - INFO - [T10] Descarga completada exitosamente: downloads/Walls - haz lo que quieras conmigo Videoclip Oficial.mp3
2025-10-17 18:29:43,689 - INFO - [T09] Descargando...  64.7% a    2.25MiB/s
2025-10-17 18:29:43,691 - INFO - [T11] Iniciando descarga de: https://www.youtube.com/watch?v=HND7qHLpyUI
2025-10-17 18:29:43,695 - INFO - [T09] Descargando...  64.7% a    2.25MiB/s
2025-10-17 18:29:43,725 - INFO - [T09] Descargando...  64.8% a    2.27MiB/s
2025-10-17 18:29:43,781 - INFO - [T09] Descargando...  64.8% a    2.30MiB/s
2025-10-17 18:29:43,790 - INFO - [T09] Descargando...  64.9% a    2.30MiB/s
2025-10-17 18:29:43,812 - INFO - [T09] Descargando...  65.1% a    2.30MiB/s
2025-10-17 18:29:43,841 - INFO - [T09] Descargando...  65.5% a    2.40MiB/s
2025-10-17 18:29:43,977 - INFO - [T09] Descargando...  65.7% a    2.48MiB/s
2025-10-17 18:29:43,983 - INFO - [T09] Descargando...  62.3% a    2.48MiB/s
2025-10-17 18:29:44,125 - INFO - [T09] Descargando...  67.6% a    2.48MiB/s
2025-10-17 18:29:44,131 - INFO - [T09] Descargando...  67.7% a    2.48MiB/s
2025-10-17 18:29:44,135 - INFO - [T09] Descargando...  67.7% a    2.48MiB/s
2025-10-17 18:29:44,139 - INFO - [T09] Descargando...  67.7% a    2.48MiB/s
2025-10-17 18:29:44,142 - INFO - [T09] Descargando...  67.7% a    2.48MiB/s
2025-10-17 18:29:44,146 - INFO - [T09] Descargando...  67.7% a    2.48MiB/s
2025-10-17 18:29:44,154 - INFO - [T09] Descargando...  67.7% a    2.48MiB/s
2025-10-17 18:29:44,166 - INFO - [T09] Descargando...  67.9% a    2.48MiB/s
2025-10-17 18:29:44,214 - INFO - [T09] Descargando...  68.1% a    2.51MiB/s
2025-10-17 18:29:44,511 - INFO - [T09] Descargando...  68.5% a    2.55MiB/s
2025-10-17 18:29:44,951 - INFO - [T09] Descargando...  69.2% a    2.53MiB/s
2025-10-17 18:29:44,970 - INFO - [T09] Descargando...  68.0% a    2.53MiB/s
2025-10-17 18:29:44,975 - INFO - [T09] Descargando...  64.4% a    2.53MiB/s
2025-10-17 18:29:45,172 - INFO - [T09] Descargando...  70.6% a    2.44MiB/s
2025-10-17 18:29:45,176 - INFO - [T09] Descargando...  70.6% a    2.44MiB/s
2025-10-17 18:29:45,180 - INFO - [T09] Descargando...  70.6% a    2.44MiB/s
2025-10-17 18:29:45,183 - INFO - [T09] Descargando...  70.6% a    2.44MiB/s
2025-10-17 18:29:45,187 - INFO - [T09] Descargando...  70.6% a    2.44MiB/s
2025-10-17 18:29:45,192 - INFO - [T09] Descargando...  70.6% a    2.44MiB/s
2025-10-17 18:29:45,205 - INFO - [T09] Descargando...  70.7% a    2.44MiB/s
2025-10-17 18:29:45,220 - INFO - [T09] Descargando...  70.8% a    2.44MiB/s
2025-10-17 18:29:45,255 - INFO - [T09] Descargando...  71.0% a    2.49MiB/s
2025-10-17 18:29:45,396 - INFO - [T09] Descargando...  71.4% a    2.54MiB/s
2025-10-17 18:29:45,543 - INFO - [T09] Descargando...  72.2% a    2.65MiB/s
2025-10-17 18:29:45,590 - INFO - [T09] Descargando...  70.8% a    2.65MiB/s
2025-10-17 18:29:45,601 - INFO - [T09] Descargando...  67.5% a    2.72MiB/s
2025-10-17 18:29:45,757 - INFO - [T09] Descargando...  73.5% a    2.72MiB/s
2025-10-17 18:29:45,763 - INFO - [T09] Descargando...  73.5% a    2.72MiB/s
2025-10-17 18:29:45,770 - INFO - [T09] Descargando...  73.5% a    2.72MiB/s
2025-10-17 18:29:45,774 - INFO - [T09] Descargando...  73.5% a    2.72MiB/s
2025-10-17 18:29:45,777 - INFO - [T09] Descargando...  73.6% a    2.72MiB/s
2025-10-17 18:29:45,780 - INFO - [T09] Descargando...  73.6% a    2.72MiB/s
2025-10-17 18:29:45,790 - INFO - [T09] Descargando...  73.6% a    2.72MiB/s
2025-10-17 18:29:45,797 - INFO - [T09] Descargando...  73.7% a    2.72MiB/s
2025-10-17 18:29:45,829 - INFO - [T09] Descargando...  73.9% a    2.75MiB/s
2025-10-17 18:29:46,799 - INFO - [T09] Descargando...  74.3% a    2.53MiB/s
2025-10-17 18:29:46,945 - INFO - [T09] Descargando...  74.1% a    2.35MiB/s
2025-10-17 18:29:46,977 - INFO - [T09] Descargando...  71.5% a    2.35MiB/s
2025-10-17 18:29:47,348 - INFO - [T09] Descargando...  76.5% a    2.14MiB/s
2025-10-17 18:29:47,354 - INFO - [T09] Descargando...  76.5% a    2.14MiB/s
2025-10-17 18:29:47,367 - INFO - [T09] Descargando...  76.5% a    2.14MiB/s
2025-10-17 18:29:47,390 - INFO - [T09] Descargando...  76.5% a    2.14MiB/s
2025-10-17 18:29:47,418 - INFO - [T09] Descargando...  76.5% a    1.98MiB/s
2025-10-17 18:29:47,442 - INFO - [T09] Descargando...  76.5% a    1.98MiB/s
2025-10-17 18:29:47,487 - INFO - [T09] Descargando...  76.6% a    1.87MiB/s
2025-10-17 18:29:47,576 - INFO - [T09] Descargando...  76.7% a    1.76MiB/s
2025-10-17 18:29:47,717 - INFO - [T09] Descargando...  76.9% a    1.68MiB/s
2025-10-17 18:29:47,955 - INFO - [T09] Descargando...  77.3% a    1.66MiB/s
2025-10-17 18:29:48,011 - INFO - [T09] Descargando...  76.6% a    1.65MiB/s
2025-10-17 18:29:48,038 - INFO - [T09] Descargando...  74.8% a    1.65MiB/s
2025-10-17 18:29:48,374 - INFO - [T09] Descargando...  79.4% a    1.51MiB/s
2025-10-17 18:29:48,386 - INFO - [T09] Descargando...  79.4% a    1.51MiB/s
2025-10-17 18:29:48,398 - INFO - [T09] Descargando...  79.4% a    1.51MiB/s
2025-10-17 18:29:48,416 - INFO - [T09] Descargando...  79.4% a    1.51MiB/s
2025-10-17 18:29:48,433 - INFO - [T09] Descargando...  79.4% a    1.33MiB/s
2025-10-17 18:29:48,467 - INFO - [T09] Descargando...  79.5% a    1.33MiB/s
2025-10-17 18:29:48,518 - INFO - [T09] Descargando...  79.5% a    1.20MiB/s
2025-10-17 18:29:48,605 - INFO - [T09] Descargando...  79.6% a    1.11MiB/s
2025-10-17 18:29:48,755 - INFO - [T09] Descargando...  79.8% a    1.07MiB/s
2025-10-17 18:29:48,990 - INFO - [T09] Descargando...  80.2% a    1.09MiB/s
2025-10-17 18:29:49,388 - INFO - [T09] Descargando...  81.0% a    1.16MiB/s
2025-10-17 18:29:49,422 - INFO - [T09] Descargando...  79.5% a    1.16MiB/s
2025-10-17 18:29:49,456 - INFO - [T09] Descargando...  76.3% a    1.21MiB/s
2025-10-17 18:29:49,608 - INFO - [T09] Descargando...  82.4% a    1.22MiB/s
2025-10-17 18:29:49,610 - INFO - [T09] Descargando...  82.4% a    1.22MiB/s
2025-10-17 18:29:49,614 - INFO - [T09] Descargando...  82.4% a    1.22MiB/s
2025-10-17 18:29:49,617 - INFO - [T09] Descargando...  82.4% a    1.22MiB/s
2025-10-17 18:29:49,619 - INFO - [T09] Descargando...  82.4% a    1.22MiB/s
2025-10-17 18:29:49,621 - INFO - [T09] Descargando...  82.4% a    1.22MiB/s
2025-10-17 18:29:49,631 - INFO - [T09] Descargando...  82.5% a    1.22MiB/s
2025-10-17 18:29:49,652 - INFO - [T09] Descargando...  82.6% a    1.22MiB/s
2025-10-17 18:29:49,697 - INFO - [T09] Descargando...  82.8% a    1.27MiB/s
2025-10-17 18:29:49,793 - INFO - [T09] Descargando...  83.2% a    1.34MiB/s
2025-10-17 18:29:49,925 - INFO - [T09] Descargando...  84.0% a    1.46MiB/s
2025-10-17 18:29:49,927 - INFO - [T09] Descargando...  82.4% a    1.46MiB/s
2025-10-17 18:29:49,931 - INFO - [T09] Descargando...  79.3% a    1.46MiB/s
2025-10-17 18:29:50,094 - INFO - [T09] Descargando...  85.3% a    1.58MiB/s
2025-10-17 18:29:50,097 - INFO - [T09] Descargando...  85.3% a    1.58MiB/s
2025-10-17 18:29:50,100 - INFO - [T09] Descargando...  85.3% a    1.58MiB/s
2025-10-17 18:29:50,104 - INFO - [T09] Descargando...  85.3% a    1.58MiB/s
2025-10-17 18:29:50,109 - INFO - [T09] Descargando...  85.3% a    1.58MiB/s
2025-10-17 18:29:50,113 - INFO - [T09] Descargando...  85.3% a    1.58MiB/s
2025-10-17 18:29:50,120 - INFO - [T09] Descargando...  85.4% a    1.58MiB/s
2025-10-17 18:29:50,133 - INFO - [T09] Descargando...  85.5% a    1.58MiB/s
2025-10-17 18:29:50,222 - INFO - [T09] Descargando...  85.7% a    1.70MiB/s
2025-10-17 18:29:50,296 - INFO - [T09] Descargando...  86.1% a    1.82MiB/s
2025-10-17 18:29:50,328 - INFO - [T09] Descargando...  85.6% a    1.82MiB/s
2025-10-17 18:29:50,334 - INFO - [T09] Descargando...  83.5% a    1.82MiB/s
2025-10-17 18:29:50,440 - INFO - [T09] Descargando...  88.2% a    1.91MiB/s
2025-10-17 18:29:50,441 - INFO - [T09] Descargando...  88.2% a    1.91MiB/s
2025-10-17 18:29:50,443 - INFO - [T09] Descargando...  88.2% a    1.91MiB/s
2025-10-17 18:29:50,445 - INFO - [T09] Descargando...  88.2% a    1.91MiB/s
2025-10-17 18:29:50,448 - INFO - [T09] Descargando...  88.3% a    1.91MiB/s
2025-10-17 18:29:50,454 - INFO - [T09] Descargando...  88.3% a    1.91MiB/s
2025-10-17 18:29:50,464 - INFO - [T09] Descargando...  88.3% a    1.91MiB/s
2025-10-17 18:29:50,506 - INFO - [T09] Descargando...  88.4% a    1.98MiB/s
2025-10-17 18:29:50,633 - INFO - [T09] Descargando...  88.6% a    2.04MiB/s
2025-10-17 18:29:50,733 - INFO - [T11] Titulo del video: KAROL G, Nicki Minaj - Tusa (Official Lyric Video)
2025-10-17 18:29:50,740 - INFO - [T09] Descargando...  89.1% a    2.11MiB/s
2025-10-17 18:29:50,905 - INFO - [T09] Descargando...  89.9% a    2.23MiB/s
2025-10-17 18:29:50,908 - INFO - [T09] Descargando...  88.4% a    2.23MiB/s
2025-10-17 18:29:50,913 - INFO - [T09] Descargando...  85.0% a    2.23MiB/s
2025-10-17 18:29:51,077 - INFO - [T09] Descargando...  91.2% a    2.37MiB/s
2025-10-17 18:29:51,080 - INFO - [T09] Descargando...  91.2% a    2.37MiB/s
2025-10-17 18:29:51,084 - INFO - [T09] Descargando...  91.2% a    2.37MiB/s
2025-10-17 18:29:51,087 - INFO - [T09] Descargando...  91.2% a    2.37MiB/s
2025-10-17 18:29:51,091 - INFO - [T09] Descargando...  91.2% a    2.37MiB/s
2025-10-17 18:29:51,094 - INFO - [T09] Descargando...  91.2% a    2.37MiB/s
2025-10-17 18:29:51,098 - INFO - [T09] Descargando...  91.3% a    2.37MiB/s
2025-10-17 18:29:51,178 - INFO - [T09] Descargando...  91.4% a    2.48MiB/s
2025-10-17 18:29:51,241 - INFO - [T09] Descargando...  91.6% a    2.55MiB/s
2025-10-17 18:29:51,364 - INFO - [T09] Descargando...  92.0% a    2.63MiB/s
2025-10-17 18:29:51,534 - INFO - [T09] Descargando...  92.3% a    2.73MiB/s
2025-10-17 18:29:51,539 - INFO - [T09] Descargando...  88.6% a    2.73MiB/s
2025-10-17 18:29:51,746 - INFO - [T09] Descargando...  94.1% a    2.77MiB/s
2025-10-17 18:29:51,749 - INFO - [T09] Descargando...  94.1% a    2.77MiB/s
2025-10-17 18:29:51,751 - INFO - [T09] Descargando...  94.1% a    2.77MiB/s
2025-10-17 18:29:51,753 - INFO - [T09] Descargando...  94.1% a    2.77MiB/s
2025-10-17 18:29:51,756 - INFO - [T09] Descargando...  94.1% a    2.77MiB/s
2025-10-17 18:29:51,759 - INFO - [T09] Descargando...  94.2% a    2.77MiB/s
2025-10-17 18:29:51,769 - INFO - [T09] Descargando...  94.2% a    2.77MiB/s
2025-10-17 18:29:51,776 - INFO - [T09] Descargando...  94.3% a    2.77MiB/s
2025-10-17 18:29:51,901 - INFO - [T09] Descargando...  94.5% a    2.81MiB/s
2025-10-17 18:29:52,024 - INFO - [T09] Descargando...  94.8% a    2.87MiB/s
2025-10-17 18:29:52,031 - INFO - [T09] Descargando...  92.7% a    2.87MiB/s
2025-10-17 18:29:52,162 - INFO - [T09] Descargando...  97.1% a    2.87MiB/s
2025-10-17 18:29:52,164 - INFO - [T09] Descargando...  97.1% a    2.87MiB/s
2025-10-17 18:29:52,166 - INFO - [T09] Descargando...  97.1% a    2.87MiB/s
2025-10-17 18:29:52,169 - INFO - [T09] Descargando...  97.1% a    2.87MiB/s
2025-10-17 18:29:52,172 - INFO - [T09] Descargando...  97.1% a    2.87MiB/s
2025-10-17 18:29:52,184 - INFO - [T09] Descargando...  97.1% a    2.87MiB/s
2025-10-17 18:29:52,199 - INFO - [T09] Descargando...  97.2% a    2.87MiB/s
2025-10-17 18:29:52,225 - INFO - [T09] Descargando...  97.3% a    2.87MiB/s
2025-10-17 18:29:52,289 - INFO - [T09] Descargando...  97.5% a    2.88MiB/s
2025-10-17 18:29:52,294 - INFO - [T09] Descargando...  97.1% a    2.88MiB/s
2025-10-17 18:29:52,300 - INFO - [T09] Descargando...  96.2% a    2.88MiB/s
2025-10-17 18:29:52,437 - INFO - [T09] Descargando... 100.0% a    2.86MiB/s
2025-10-17 18:29:52,439 - INFO - [T09] Descargando... 100.0% a    2.86MiB/s
2025-10-17 18:29:52,442 - INFO - [T09] Descargando... 100.0% a    2.86MiB/s
2025-10-17 18:29:52,455 - INFO - [T09] Descargando... 100.0% a    2.86MiB/s
2025-10-17 18:29:52,488 - INFO - [T09] Descarga terminada: downloads/Abraham Mateo - Maníaca (Official Video).mp4
2025-10-17 18:29:59,798 - INFO - [T11] Descargando...   0.0% a  208.69KiB/s
2025-10-17 18:29:59,799 - INFO - [T11] Descargando...   0.1% a  514.74KiB/s
2025-10-17 18:29:59,800 - INFO - [T11] Descargando...   0.2% a  968.85KiB/s
2025-10-17 18:29:59,802 - INFO - [T11] Descargando...   0.4% a    1.66MiB/s
2025-10-17 18:29:59,805 - INFO - [T11] Descargando...   0.9% a    2.49MiB/s
2025-10-17 18:29:59,811 - INFO - [T11] Descargando...   1.8% a    3.32MiB/s
2025-10-17 18:29:59,835 - INFO - [T11] Descargando...   3.7% a    2.92MiB/s
2025-10-17 18:29:59,881 - INFO - [T11] Descargando...   7.3% a    2.82MiB/s
2025-10-17 18:29:59,941 - INFO - [T11] Descargando...  14.7% a    3.36MiB/s
2025-10-17 18:30:00,037 - INFO - [T11] Descargando...  29.4% a    4.10MiB/s
2025-10-17 18:30:00,135 - INFO - [T09] Descarga completada exitosamente: downloads/Abraham Mateo - Maníaca Official Video.mp3
2025-10-17 18:30:00,140 - INFO - [T12] Iniciando descarga de: https://www.youtube.com/watch?v=xDMpGyvzBdA
2025-10-17 18:30:00,271 - INFO - [T11] Descargando...  58.9% a    4.18MiB/s
2025-10-17 18:30:00,505 - INFO - [T11] Descargando... 100.0% a    4.77MiB/s
2025-10-17 18:30:00,510 - INFO - [T11] Descarga terminada: downloads/KAROL G, Nicki Minaj - Tusa (Official Lyric Video).webm
2025-10-17 18:30:06,467 - INFO - [T12] Titulo del video: RUMI & JINU - Free (Lyrics) | KPop Demon Hunters
2025-10-17 18:30:07,260 - INFO - [T11] Descarga completada exitosamente: downloads/KAROL G Nicki Minaj - Tusa Official Lyric Video.mp3
2025-10-17 18:30:07,261 - INFO - [T13] Iniciando descarga de: https://www.youtube.com/watch?v=TbMEMCvFbZk
2025-10-17 18:30:13,655 - INFO - [T13] Titulo del video: "What It Sounds Like " | Official Song Clip | KPop Demon Hunters | Sony Animation
2025-10-17 18:30:14,860 - INFO - [T12] Descargando...   0.0% a  123.83KiB/s
2025-10-17 18:30:14,862 - INFO - [T12] Descargando...   0.1% a  298.66KiB/s
2025-10-17 18:30:14,865 - INFO - [T12] Descargando...   0.2% a  541.43KiB/s
2025-10-17 18:30:14,868 - INFO - [T12] Descargando...   0.5% a  920.95KiB/s
2025-10-17 18:30:14,870 - INFO - [T12] Descargando...   1.0% a    1.68MiB/s
2025-10-17 18:30:14,877 - INFO - [T12] Descargando...   2.1% a    2.59MiB/s
2025-10-17 18:30:14,888 - INFO - [T12] Descargando...   4.2% a    3.38MiB/s
2025-10-17 18:30:14,913 - INFO - [T12] Descargando...   8.4% a    4.07MiB/s
2025-10-17 18:30:14,962 - INFO - [T12] Descargando...  16.8% a    4.51MiB/s
2025-10-17 18:30:15,064 - INFO - [T12] Descargando...  33.7% a    4.70MiB/s
2025-10-17 18:30:15,235 - INFO - [T12] Descargando...  67.3% a    5.22MiB/s
2025-10-17 18:30:15,406 - INFO - [T12] Descargando... 100.0% a    5.35MiB/s
2025-10-17 18:30:15,432 - INFO - [T12] Descarga terminada: downloads/RUMI & JINU - Free (Lyrics) ｜ KPop Demon Hunters.webm
2025-10-17 18:30:20,999 - INFO - [T12] Descarga completada exitosamente: downloads/RUMI  JINU - Free Lyrics  KPop Demon Hunters.mp3
2025-10-17 18:30:21,007 - INFO - [T14] Iniciando descarga de: https://www.youtube.com/watch?v=XoMMW_qiHWs
2025-10-17 18:30:22,126 - INFO - [T13] Descargando...   0.0% a  111.08KiB/s
2025-10-17 18:30:22,127 - INFO - [T13] Descargando...   0.1% a  297.10KiB/s
2025-10-17 18:30:22,128 - INFO - [T13] Descargando...   0.3% a  598.36KiB/s
2025-10-17 18:30:22,131 - INFO - [T13] Descargando...   0.6% a    1.06MiB/s
2025-10-17 18:30:22,132 - INFO - [T13] Descargando...   1.3% a    1.91MiB/s
2025-10-17 18:30:22,140 - INFO - [T13] Descargando...   2.5% a    2.61MiB/s
2025-10-17 18:30:22,158 - INFO - [T13] Descargando...   5.1% a    3.04MiB/s
2025-10-17 18:30:22,183 - INFO - [T13] Descargando...  10.3% a    3.74MiB/s
2025-10-17 18:30:22,222 - INFO - [T13] Descargando...  20.7% a    4.73MiB/s
2025-10-17 18:30:22,310 - INFO - [T13] Descargando...  41.4% a    5.17MiB/s
2025-10-17 18:30:22,579 - INFO - [T13] Descargando...  82.8% a    4.32MiB/s
2025-10-17 18:30:22,739 - INFO - [T13] Descargando... 100.0% a    3.89MiB/s
2025-10-17 18:30:22,756 - INFO - [T13] Descarga terminada: downloads/＂What It Sounds Like ＂ ｜ Official Song Clip ｜ KPop Demon Hunters ｜ Sony Animation.webm
2025-10-17 18:30:27,417 - INFO - [T13] Descarga completada exitosamente: downloads/What It Sounds Like   Official Song Clip  KPop Demon Hunters  Sony Animation.mp3
2025-10-17 18:30:27,445 - INFO - [T15] Iniciando descarga de: https://www.youtube.com/watch?v=RUKqwwyAiEU
2025-10-17 18:30:29,128 - INFO - [T14] Titulo del video: Annalisa - Sinceramente (cuando cuando cuando) [Official Video]
2025-10-17 18:30:36,234 - INFO - [T14] Descargando...   0.0% a  266.27KiB/s
2025-10-17 18:30:36,235 - INFO - [T14] Descargando...   0.1% a  639.31KiB/s
2025-10-17 18:30:36,236 - INFO - [T14] Descargando...   0.2% a    1.12MiB/s
2025-10-17 18:30:36,238 - INFO - [T14] Descargando...   0.4% a    1.90MiB/s
2025-10-17 18:30:36,242 - INFO - [T14] Descargando...   0.8% a    2.67MiB/s
2025-10-17 18:30:36,251 - INFO - [T14] Descargando...   1.7% a    2.97MiB/s
2025-10-17 18:30:36,283 - INFO - [T14] Descargando...   3.4% a    2.34MiB/s
2025-10-17 18:30:36,352 - INFO - [T14] Descargando...   6.8% a    2.05MiB/s
2025-10-17 18:30:36,431 - INFO - [T14] Descargando...  13.6% a    2.49MiB/s
2025-10-17 18:30:36,450 - INFO - [T15] Titulo del video: BLACKPINK - ‘뛰어(JUMP)’ (Official Audio)
2025-10-17 18:30:36,575 - INFO - [T14] Descargando...  27.2% a    2.90MiB/s
2025-10-17 18:30:36,848 - INFO - [T14] Descargando...  54.3% a    3.24MiB/s
2025-10-17 18:30:37,144 - INFO - [T14] Descargando... 100.0% a    4.03MiB/s
2025-10-17 18:30:37,151 - INFO - [T14] Descarga terminada: downloads/Annalisa - Sinceramente (cuando cuando cuando) [Official Video].webm
2025-10-17 18:30:44,367 - INFO - [T14] Descarga completada exitosamente: downloads/Annalisa - Sinceramente cuando cuando cuando Official Video.mp3
2025-10-17 18:30:44,372 - INFO - [T16] Iniciando descarga de: https://www.youtube.com/watch?v=WSUFzC6_fp8
2025-10-17 18:30:44,965 - INFO - [T15] Descargando...   0.0% a   84.83KiB/s
2025-10-17 18:30:44,966 - INFO - [T15] Descargando...   0.1% a  231.91KiB/s
2025-10-17 18:30:44,969 - INFO - [T15] Descargando...   0.3% a  473.31KiB/s
2025-10-17 18:30:44,971 - INFO - [T15] Descargando...   0.6% a  841.50KiB/s
2025-10-17 18:30:44,972 - INFO - [T15] Descargando...   1.2% a    1.56MiB/s
2025-10-17 18:30:44,986 - INFO - [T15] Descargando...   2.3% a    1.84MiB/s
2025-10-17 18:30:45,008 - INFO - [T15] Descargando...   4.7% a    2.26MiB/s
2025-10-17 18:30:45,059 - INFO - [T15] Descargando...   9.5% a    2.35MiB/s
2025-10-17 18:30:45,113 - INFO - [T15] Descargando...  19.0% a    3.13MiB/s
2025-10-17 18:30:45,218 - INFO - [T15] Descargando...  38.1% a    3.77MiB/s
2025-10-17 18:30:45,367 - INFO - [T15] Descargando...  76.2% a    4.83MiB/s
2025-10-17 18:30:45,443 - INFO - [T15] Descargando... 100.0% a    5.35MiB/s
2025-10-17 18:30:45,446 - INFO - [T15] Descarga terminada: downloads/BLACKPINK - ‘뛰어(JUMP)’ (Official Audio).webm
2025-10-17 18:30:50,561 - INFO - [T15] Descarga completada exitosamente: downloads/BLACKPINK - 뛰어JUMP Official Audio.mp3
2025-10-17 18:30:50,568 - INFO - [T17] Iniciando descarga de: https://www.youtube.com/watch?v=ifCWN5pJGIE
2025-10-17 18:30:51,615 - INFO - [T16] Titulo del video: Pentatonix - Carol of the Bells
2025-10-17 18:30:56,136 - INFO - [T17] Titulo del video: Pentatonix - Mary, Did You Know? (Official Video)
2025-10-17 18:31:00,429 - INFO - [T16] Descargando...   0.0% a   21.13KiB/s
2025-10-17 18:31:00,436 - INFO - [T16] Descargando...   0.1% a   49.89KiB/s
2025-10-17 18:31:00,453 - INFO - [T16] Descargando...   0.2% a   91.38KiB/s
2025-10-17 18:31:00,476 - INFO - [T16] Descargando...   0.4% a  152.79KiB/s
2025-10-17 18:31:00,511 - INFO - [T16] Descargando...   0.8% a  246.98KiB/s
2025-10-17 18:31:00,544 - INFO - [T16] Descargando...   1.6% a  390.71KiB/s
2025-10-17 18:31:00,588 - INFO - [T16] Descargando...   3.3% a  615.65KiB/s
2025-10-17 18:31:00,671 - INFO - [T16] Descargando...   6.6% a  880.41KiB/s
2025-10-17 18:31:00,784 - INFO - [T16] Descargando...  13.1% a    1.24MiB/s
2025-10-17 18:31:00,872 - INFO - [T16] Descargando...  26.3% a    2.01MiB/s
2025-10-17 18:31:01,005 - INFO - [T16] Descargando...  52.6% a    3.21MiB/s
2025-10-17 18:31:01,223 - INFO - [T16] Descargando... 100.0% a    4.53MiB/s
2025-10-17 18:31:01,265 - INFO - [T16] Descarga terminada: downloads/Pentatonix - Carol of the Bells.webm
2025-10-17 18:31:05,925 - INFO - [T17] Descargando...   0.0% a  193.43KiB/s
2025-10-17 18:31:05,926 - INFO - [T17] Descargando...   0.1% a  483.10KiB/s
2025-10-17 18:31:05,928 - INFO - [T17] Descargando...   0.2% a  901.72KiB/s
2025-10-17 18:31:05,930 - INFO - [T17] Descargando...   0.4% a    1.51MiB/s
2025-10-17 18:31:05,952 - INFO - [T17] Descargando...   0.8% a  963.96KiB/s
2025-10-17 18:31:05,960 - INFO - [T17] Descargando...   1.6% a    1.56MiB/s
2025-10-17 18:31:05,997 - INFO - [T17] Descargando...   3.1% a    1.61MiB/s
2025-10-17 18:31:06,044 - INFO - [T17] Descargando...   6.3% a    2.01MiB/s
2025-10-17 18:31:06,111 - INFO - [T17] Descargando...  12.6% a    2.62MiB/s
2025-10-17 18:31:06,211 - INFO - [T17] Descargando...  25.2% a    3.43MiB/s
2025-10-17 18:31:06,491 - INFO - [T17] Descargando...  50.5% a    3.50MiB/s
2025-10-17 18:31:06,853 - INFO - [T17] Descargando... 100.0% a    4.24MiB/s
2025-10-17 18:31:06,859 - INFO - [T17] Descarga terminada: downloads/Pentatonix - Mary, Did You Know？ (Official Video).webm
2025-10-17 18:31:09,797 - INFO - [T16] Descarga completada exitosamente: downloads/Pentatonix - Carol of the Bells.mp3
2025-10-17 18:31:14,852 - INFO - [T17] Descarga completada exitosamente: downloads/Pentatonix - Mary Did You Know Official Video.mp3
2025-10-17 18:31:14,854 - INFO - T01 - Exito: https://www.youtube.com/watch?v=jPB39dGMAsc
2025-10-17 18:31:14,854 - INFO - T02 - Exito: https://www.youtube.com/watch?v=noSY-UdBNSw
2025-10-17 18:31:14,854 - INFO - T03 - Exito: https://www.youtube.com/watch?v=zq2pagG8_ok
2025-10-17 18:31:14,855 - INFO - T04 - Exito: https://www.youtube.com/watch?v=knIbwsNGJyc
2025-10-17 18:31:14,855 - INFO - T05 - Exito: https://www.youtube.com/watch?v=E7VLyRjp5vg
2025-10-17 18:31:14,855 - INFO - T06 - Exito: https://www.youtube.com/watch?v=JxfKeGuKklk
2025-10-17 18:31:14,856 - INFO - T07 - Exito: https://www.youtube.com/watch?v=tzGmZKQIZZE
2025-10-17 18:31:14,856 - INFO - T08 - Exito: https://www.youtube.com/watch?v=neLM6avv8Bc
2025-10-17 18:31:14,857 - INFO - T09 - Exito: https://www.youtube.com/watch?v=MzBlHP2e8Ww
2025-10-17 18:31:14,857 - INFO - T10 - Exito: https://www.youtube.com/watch?v=m-rxTKqSl9g
2025-10-17 18:31:14,858 - INFO - T11 - Exito: https://www.youtube.com/watch?v=HND7qHLpyUI
2025-10-17 18:31:14,858 - INFO - T12 - Exito: https://www.youtube.com/watch?v=xDMpGyvzBdA
2025-10-17 18:31:14,858 - INFO - T13 - Exito: https://www.youtube.com/watch?v=TbMEMCvFbZk
2025-10-17 18:31:14,859 - INFO - T14 - Exito: https://www.youtube.com/watch?v=XoMMW_qiHWs
2025-10-17 18:31:14,859 - INFO - T15 - Exito: https://www.youtube.com/watch?v=RUKqwwyAiEU
2025-10-17 18:31:14,859 - INFO - T16 - Exito: https://www.youtube.com/watch?v=WSUFzC6_fp8
2025-10-17 18:31:14,860 - INFO - T17 - Exito: https://www.youtube.com/watch?v=ifCWN5pJGIE
2025-10-17 18:31:14,861 - INFO - Resumen final - URLs: 17, Exitosos: 17, Fallidos: 0
2025-10-17 18:31:14,862 - INFO - Sesion completada exitosamente - todos los archivos descargados
2025-10-17 18:31:14,862 - INFO - Programa terminado con codigo de salida: 0
2025-10-17 18:31:14,862 - INFO - ==================================================
